#
# There is insufficient memory for the Java Runtime Environment to continue.
# Native memory allocation (malloc) failed to allocate 786336 bytes for Chunk::new
# Possible reasons:
#   The system is out of physical RAM or swap space
#   The process is running with CompressedOops enabled, and the Java Heap may be blocking the growth of the native heap
# Possible solutions:
#   Reduce memory load on the system
#   Increase physical memory or swap space
#   Check if swap backing store is full
#   Decrease Java heap size (-Xmx/-Xms)
#   Decrease number of Java threads
#   Decrease Java thread stack sizes (-Xss)
#   Set larger code cache with -XX:ReservedCodeCacheSize=
#   JVM is running with Unscaled Compressed Oops mode in which the Java heap is
#     placed in the first 4GB address space. The Java Heap base address is the
#     maximum limit for the native heap growth. Please use -XX:HeapBaseMinAddress
#     to set the Java Heap base and to place the Java Heap above 4GB virtual address.
# This output file may be truncated or incomplete.
#
#  Out of Memory Error (./src/hotspot/share/memory/arena.cpp:197), pid=9128, tid=7664
#
# JRE version: OpenJDK Runtime Environment (11.0.12+7) (build 11.0.12+7-b1504.28-7817840)
# Java VM: OpenJDK 64-Bit Server VM (11.0.12+7-b1504.28-7817840, mixed mode, tiered, compressed oops, g1 gc, windows-amd64)
# No core dump will be written. Minidumps are not enabled by default on client versions of Windows
#

---------------  S U M M A R Y ------------

Command Line: --add-opens=java.base/java.util=ALL-UNNAMED --add-opens=java.base/java.lang=ALL-UNNAMED --add-opens=java.base/java.lang.invoke=ALL-UNNAMED --add-opens=java.base/java.util=ALL-UNNAMED --add-opens=java.prefs/java.util.prefs=ALL-UNNAMED --add-opens=java.prefs/java.util.prefs=ALL-UNNAMED --add-opens=java.base/java.nio.charset=ALL-UNNAMED --add-opens=java.base/java.net=ALL-UNNAMED --add-opens=java.base/java.util.concurrent.atomic=ALL-UNNAMED -Xmx1536m -Dfile.encoding=windows-1252 -Duser.country=IN -Duser.language=en -Duser.variant org.gradle.launcher.daemon.bootstrap.GradleDaemon 7.5

Host: Intel(R) Core(TM) i5-7400 CPU @ 3.00GHz, 4 cores, 15G,  Windows 10 , 64 bit Build 19041 (10.0.19041.2913)
Time: Thu Jun 15 18:59:46 2023 India Standard Time elapsed time: 14.853853 seconds (0d 0h 0m 14s)

---------------  T H R E A D  ---------------

Current thread (0x000001778fe20000):  JavaThread "C2 CompilerThread1" daemon [_thread_in_native, id=7664, stack(0x0000004d4ed00000,0x0000004d4ee00000)]


Current CompileTask:
C2:  14853 9784   !   4       java.nio.file.FileTreeWalker::next (144 bytes)

Stack: [0x0000004d4ed00000,0x0000004d4ee00000]
Native frames: (J=compiled Java code, j=interpreted, Vv=VM code, C=native code)
V  [jvm.dll+0x5fbcea]
V  [jvm.dll+0x731905]
V  [jvm.dll+0x732f1d]
V  [jvm.dll+0x7335d3]
V  [jvm.dll+0x247bf8]
V  [jvm.dll+0xc018c]
V  [jvm.dll+0xc06cc]
V  [jvm.dll+0x2bcc04]
V  [jvm.dll+0x5113a8]
V  [jvm.dll+0x2018ec]
V  [jvm.dll+0x1ff71f]
V  [jvm.dll+0x18868c]
V  [jvm.dll+0x20e0d7]
V  [jvm.dll+0x20c901]
V  [jvm.dll+0x6f9b7f]
V  [jvm.dll+0x6f26a5]
V  [jvm.dll+0x5fabf6]
C  [ucrtbase.dll+0x21bb2]
C  [KERNEL32.DLL+0x17614]
C  [ntdll.dll+0x526a1]


---------------  P R O C E S S  ---------------

Threads class SMR info:
_java_thread_list=0x0000017795ab55a0, length=85, elements={
0x00000177f16af000, 0x00000177fd76a000, 0x00000177fd76b000, 0x00000177fd7e7800,
0x00000177fd7ea000, 0x00000177fd7eb000, 0x00000177fd7ef000, 0x00000177fd7f3800,
0x00000177fd7ff000, 0x00000177fd966800, 0x000001778f29a000, 0x0000017790008800,
0x000001778fdca800, 0x00000177ff3bc800, 0x00000177fe8b7800, 0x00000177fefde000,
0x000001778ffce000, 0x00000177ff404000, 0x00000177fe734000, 0x000001778f77e000,
0x000001778f780000, 0x000001778f77d800, 0x000001778f780800, 0x000001778f77f000,
0x000001778f77c000, 0x000001778f77c800, 0x000001778f77b000, 0x000001778f781800,
0x000001778fe1e800, 0x000001778fe1d800, 0x000001778fe1d000, 0x000001778fe21000,
0x000001778fe1f800, 0x000001778fe20000, 0x000001778fe27800, 0x000001778fe26800,
0x000001778fe28800, 0x000001778fe22800, 0x000001778fe2b000, 0x000001778fe29000,
0x000001778fe2a000, 0x000001778fe2b800, 0x0000017791ac5800, 0x0000017791ac2000,
0x0000017791ac8800, 0x0000017791ac3800, 0x0000017791ac3000, 0x0000017791aca800,
0x0000017791ac7000, 0x0000017791ac9800, 0x0000017791ac4800, 0x0000017791ac6000,
0x0000017791acb000, 0x0000017791acc800, 0x0000017791acc000, 0x0000017791acd800,
0x0000017791ac8000, 0x0000017791ace800, 0x0000017791acf000, 0x0000017791ad1000,
0x0000017791ad0000, 0x000001779098d000, 0x0000017790988800, 0x000001779098a800,
0x000001779098b800, 0x000001779098a000, 0x000001779098c800, 0x000001779098f000,
0x000001779098e000, 0x0000017790989000, 0x0000017792171800, 0x0000017792174000,
0x0000017792173000, 0x0000017792170000, 0x0000017792170800, 0x0000017792172800,
0x000001779216e000, 0x0000017792174800, 0x0000017792178000, 0x0000017792179000,
0x0000017792177000, 0x0000017792179800, 0x000001779217b000, 0x000001779217a800,
0x0000017792175800
}

Java Threads: ( => current thread )
  0x00000177f16af000 JavaThread "main" [_thread_blocked, id=11940, stack(0x0000004d4c200000,0x0000004d4c300000)]
  0x00000177fd76a000 JavaThread "Reference Handler" daemon [_thread_blocked, id=14848, stack(0x0000004d4c900000,0x0000004d4ca00000)]
  0x00000177fd76b000 JavaThread "Finalizer" daemon [_thread_blocked, id=5688, stack(0x0000004d4ca00000,0x0000004d4cb00000)]
  0x00000177fd7e7800 JavaThread "Signal Dispatcher" daemon [_thread_blocked, id=14296, stack(0x0000004d4cb00000,0x0000004d4cc00000)]
  0x00000177fd7ea000 JavaThread "Attach Listener" daemon [_thread_blocked, id=8984, stack(0x0000004d4cc00000,0x0000004d4cd00000)]
  0x00000177fd7eb000 JavaThread "Service Thread" daemon [_thread_blocked, id=17452, stack(0x0000004d4cd00000,0x0000004d4ce00000)]
  0x00000177fd7ef000 JavaThread "C2 CompilerThread0" daemon [_thread_in_native, id=3940, stack(0x0000004d4ce00000,0x0000004d4cf00000)]
  0x00000177fd7f3800 JavaThread "C1 CompilerThread0" daemon [_thread_blocked, id=2296, stack(0x0000004d4cf00000,0x0000004d4d000000)]
  0x00000177fd7ff000 JavaThread "Sweeper thread" daemon [_thread_blocked, id=18092, stack(0x0000004d4d000000,0x0000004d4d100000)]
  0x00000177fd966800 JavaThread "Common-Cleaner" daemon [_thread_blocked, id=11032, stack(0x0000004d4d100000,0x0000004d4d200000)]
  0x000001778f29a000 JavaThread "Daemon health stats" [_thread_blocked, id=5544, stack(0x0000004d4d700000,0x0000004d4d800000)]
  0x0000017790008800 JavaThread "Incoming local TCP Connector on port 60098" [_thread_in_native, id=2608, stack(0x0000004d4d300000,0x0000004d4d400000)]
  0x000001778fdca800 JavaThread "Daemon periodic checks" [_thread_blocked, id=9028, stack(0x0000004d4d800000,0x0000004d4d900000)]
  0x00000177ff3bc800 JavaThread "Daemon" [_thread_blocked, id=13416, stack(0x0000004d4d900000,0x0000004d4da00000)]
  0x00000177fe8b7800 JavaThread "Handler for socket connection from /127.0.0.1:60098 to /127.0.0.1:60099" [_thread_in_native, id=5632, stack(0x0000004d4da00000,0x0000004d4db00000)]
  0x00000177fefde000 JavaThread "Cancel handler" [_thread_blocked, id=10496, stack(0x0000004d4db00000,0x0000004d4dc00000)]
  0x000001778ffce000 JavaThread "Daemon worker" [_thread_blocked, id=17216, stack(0x0000004d4dc00000,0x0000004d4dd00000)]
  0x00000177ff404000 JavaThread "Asynchronous log dispatcher for DefaultDaemonConnection: socket connection from /127.0.0.1:60098 to /127.0.0.1:60099" [_thread_blocked, id=16920, stack(0x0000004d4dd00000,0x0000004d4de00000)]
  0x00000177fe734000 JavaThread "Stdin handler" [_thread_blocked, id=15820, stack(0x0000004d4de00000,0x0000004d4df00000)]
  0x000001778f77e000 JavaThread "Daemon client event forwarder" [_thread_blocked, id=12476, stack(0x0000004d4df00000,0x0000004d4e000000)]
  0x000001778f780000 JavaThread "Cache worker for journal cache (C:\Users\welcome\AppData\Local\Android\Sdk\jdks\caches\journal-1)" [_thread_blocked, id=12308, stack(0x0000004d4e000000,0x0000004d4e100000)]
  0x000001778f77d800 JavaThread "File lock request listener" [_thread_in_native, id=1864, stack(0x0000004d4e100000,0x0000004d4e200000)]
  0x000001778f780800 JavaThread "Cache worker for file hash cache (C:\Users\welcome\AppData\Local\Android\Sdk\jdks\caches\7.5\fileHashes)" [_thread_blocked, id=2860, stack(0x0000004d4e200000,0x0000004d4e300000)]
  0x000001778f77f000 JavaThread "File watcher server" daemon [_thread_in_native, id=9772, stack(0x0000004d4e400000,0x0000004d4e500000)]
  0x000001778f77c000 JavaThread "File watcher consumer" daemon [_thread_blocked, id=1156, stack(0x0000004d4e500000,0x0000004d4e600000)]
  0x000001778f77c800 JavaThread "Cache worker for checksums cache (D:\Rukkmani\green_park_school_teacher\.gradle\7.5\checksums)" [_thread_blocked, id=6380, stack(0x0000004d4e600000,0x0000004d4e700000)]
  0x000001778f77b000 JavaThread "Cache worker for cache directory md-rule (C:\Users\welcome\AppData\Local\Android\Sdk\jdks\caches\7.5\md-rule)" [_thread_blocked, id=7336, stack(0x0000004d4e700000,0x0000004d4e800000)]
  0x000001778f781800 JavaThread "Cache worker for file content cache (C:\Users\welcome\AppData\Local\Android\Sdk\jdks\caches\7.5\fileContent)" [_thread_blocked, id=6160, stack(0x0000004d4e800000,0x0000004d4e900000)]
  0x000001778fe1e800 JavaThread "Cache worker for file hash cache (D:\Rukkmani\green_park_school_teacher\.gradle\7.5\fileHashes)" [_thread_blocked, id=16252, stack(0x0000004d4e900000,0x0000004d4ea00000)]
  0x000001778fe1d800 JavaThread "Cache worker for cache directory md-supplier (C:\Users\welcome\AppData\Local\Android\Sdk\jdks\caches\7.5\md-supplier)" [_thread_blocked, id=10980, stack(0x0000004d4ea00000,0x0000004d4eb00000)]
  0x000001778fe1d000 JavaThread "Cache worker for execution history cache (C:\Users\welcome\AppData\Local\Android\Sdk\jdks\caches\7.5\executionHistory)" [_thread_in_native, id=18256, stack(0x0000004d4eb00000,0x0000004d4ec00000)]
  0x000001778fe21000 JavaThread "jar transforms" [_thread_blocked, id=4864, stack(0x0000004d4ec00000,0x0000004d4ed00000)]
  0x000001778fe1f800 JavaThread "jar transforms Thread 2" [_thread_blocked, id=18416, stack(0x0000004d4e300000,0x0000004d4e400000)]
=>0x000001778fe20000 JavaThread "C2 CompilerThread1" daemon [_thread_in_native, id=7664, stack(0x0000004d4ed00000,0x0000004d4ee00000)]
  0x000001778fe27800 JavaThread "Cache worker for dependencies-accessors (D:\Rukkmani\green_park_school_teacher\.gradle\7.5\dependencies-accessors)" [_thread_blocked, id=11200, stack(0x0000004d4ee00000,0x0000004d4ef00000)]
  0x000001778fe26800 JavaThread "jar transforms Thread 3" [_thread_blocked, id=16552, stack(0x0000004d4ef00000,0x0000004d4f000000)]
  0x000001778fe28800 JavaThread "Cache worker for Build Output Cleanup Cache (D:\Rukkmani\green_park_school_teacher\.gradle\buildOutputCleanup)" [_thread_blocked, id=15200, stack(0x0000004d4f000000,0x0000004d4f100000)]
  0x000001778fe22800 JavaThread "Unconstrained build operations" [_thread_blocked, id=7100, stack(0x0000004d4f100000,0x0000004d4f200000)]
  0x000001778fe2b000 JavaThread "Unconstrained build operations Thread 2" [_thread_blocked, id=10668, stack(0x0000004d4f200000,0x0000004d4f300000)]
  0x000001778fe29000 JavaThread "Unconstrained build operations Thread 3" [_thread_blocked, id=12272, stack(0x0000004d4f300000,0x0000004d4f400000)]
  0x000001778fe2a000 JavaThread "Unconstrained build operations Thread 4" [_thread_blocked, id=4496, stack(0x0000004d4f400000,0x0000004d4f500000)]
  0x000001778fe2b800 JavaThread "Unconstrained build operations Thread 5" [_thread_blocked, id=7972, stack(0x0000004d4f500000,0x0000004d4f600000)]
  0x0000017791ac5800 JavaThread "Unconstrained build operations Thread 6" [_thread_blocked, id=17820, stack(0x0000004d4f600000,0x0000004d4f700000)]
  0x0000017791ac2000 JavaThread "Unconstrained build operations Thread 7" [_thread_blocked, id=13392, stack(0x0000004d4f700000,0x0000004d4f800000)]
  0x0000017791ac8800 JavaThread "Unconstrained build operations Thread 8" [_thread_blocked, id=16668, stack(0x0000004d4f800000,0x0000004d4f900000)]
  0x0000017791ac3800 JavaThread "Unconstrained build operations Thread 9" [_thread_blocked, id=2596, stack(0x0000004d4f900000,0x0000004d4fa00000)]
  0x0000017791ac3000 JavaThread "Unconstrained build operations Thread 10" [_thread_blocked, id=6788, stack(0x0000004d4fa00000,0x0000004d4fb00000)]
  0x0000017791aca800 JavaThread "Unconstrained build operations Thread 11" [_thread_blocked, id=10960, stack(0x0000004d4fb00000,0x0000004d4fc00000)]
  0x0000017791ac7000 JavaThread "Unconstrained build operations Thread 12" [_thread_blocked, id=13120, stack(0x0000004d4fc00000,0x0000004d4fd00000)]
  0x0000017791ac9800 JavaThread "Unconstrained build operations Thread 13" [_thread_blocked, id=6532, stack(0x0000004d4fd00000,0x0000004d4fe00000)]
  0x0000017791ac4800 JavaThread "Unconstrained build operations Thread 14" [_thread_blocked, id=17436, stack(0x0000004d4fe00000,0x0000004d4ff00000)]
  0x0000017791ac6000 JavaThread "Unconstrained build operations Thread 15" [_thread_blocked, id=15984, stack(0x0000004d4ff00000,0x0000004d50000000)]
  0x0000017791acb000 JavaThread "Unconstrained build operations Thread 16" [_thread_blocked, id=16964, stack(0x0000004d50000000,0x0000004d50100000)]
  0x0000017791acc800 JavaThread "Unconstrained build operations Thread 17" [_thread_blocked, id=2676, stack(0x0000004d50100000,0x0000004d50200000)]
  0x0000017791acc000 JavaThread "Unconstrained build operations Thread 18" [_thread_blocked, id=14288, stack(0x0000004d50200000,0x0000004d50300000)]
  0x0000017791acd800 JavaThread "Unconstrained build operations Thread 19" [_thread_blocked, id=8340, stack(0x0000004d50300000,0x0000004d50400000)]
  0x0000017791ac8000 JavaThread "Unconstrained build operations Thread 20" [_thread_blocked, id=15852, stack(0x0000004d50400000,0x0000004d50500000)]
  0x0000017791ace800 JavaThread "Unconstrained build operations Thread 21" [_thread_blocked, id=1220, stack(0x0000004d50500000,0x0000004d50600000)]
  0x0000017791acf000 JavaThread "Unconstrained build operations Thread 22" [_thread_blocked, id=14764, stack(0x0000004d50600000,0x0000004d50700000)]
  0x0000017791ad1000 JavaThread "Unconstrained build operations Thread 23" [_thread_blocked, id=18476, stack(0x0000004d50700000,0x0000004d50800000)]
  0x0000017791ad0000 JavaThread "Unconstrained build operations Thread 24" [_thread_blocked, id=2140, stack(0x0000004d50800000,0x0000004d50900000)]
  0x000001779098d000 JavaThread "Unconstrained build operations Thread 25" [_thread_blocked, id=8276, stack(0x0000004d50900000,0x0000004d50a00000)]
  0x0000017790988800 JavaThread "Unconstrained build operations Thread 26" [_thread_blocked, id=14960, stack(0x0000004d50a00000,0x0000004d50b00000)]
  0x000001779098a800 JavaThread "Unconstrained build operations Thread 27" [_thread_blocked, id=3636, stack(0x0000004d50b00000,0x0000004d50c00000)]
  0x000001779098b800 JavaThread "Unconstrained build operations Thread 28" [_thread_blocked, id=16280, stack(0x0000004d50c00000,0x0000004d50d00000)]
  0x000001779098a000 JavaThread "Unconstrained build operations Thread 29" [_thread_blocked, id=15044, stack(0x0000004d50d00000,0x0000004d50e00000)]
  0x000001779098c800 JavaThread "Unconstrained build operations Thread 30" [_thread_in_native, id=6468, stack(0x0000004d50e00000,0x0000004d50f00000)]
  0x000001779098f000 JavaThread "Unconstrained build operations Thread 31" [_thread_blocked, id=11904, stack(0x0000004d50f00000,0x0000004d51000000)]
  0x000001779098e000 JavaThread "Unconstrained build operations Thread 32" [_thread_blocked, id=18420, stack(0x0000004d51000000,0x0000004d51100000)]
  0x0000017790989000 JavaThread "Unconstrained build operations Thread 33" [_thread_blocked, id=18264, stack(0x0000004d51100000,0x0000004d51200000)]
  0x0000017792171800 JavaThread "Unconstrained build operations Thread 34" [_thread_blocked, id=8424, stack(0x0000004d51200000,0x0000004d51300000)]
  0x0000017792174000 JavaThread "Unconstrained build operations Thread 35" [_thread_blocked, id=15000, stack(0x0000004d51300000,0x0000004d51400000)]
  0x0000017792173000 JavaThread "Unconstrained build operations Thread 36" [_thread_blocked, id=17456, stack(0x0000004d51400000,0x0000004d51500000)]
  0x0000017792170000 JavaThread "Unconstrained build operations Thread 37" [_thread_blocked, id=11832, stack(0x0000004d51500000,0x0000004d51600000)]
  0x0000017792170800 JavaThread "Unconstrained build operations Thread 38" [_thread_blocked, id=7028, stack(0x0000004d51600000,0x0000004d51700000)]
  0x0000017792172800 JavaThread "Unconstrained build operations Thread 39" [_thread_blocked, id=14592, stack(0x0000004d51700000,0x0000004d51800000)]
  0x000001779216e000 JavaThread "Unconstrained build operations Thread 40" [_thread_blocked, id=12356, stack(0x0000004d51800000,0x0000004d51900000)]
  0x0000017792174800 JavaThread "jar transforms Thread 4" [_thread_blocked, id=5948, stack(0x0000004d51900000,0x0000004d51a00000)]
  0x0000017792178000 JavaThread "Memory manager" [_thread_blocked, id=9676, stack(0x0000004d51a00000,0x0000004d51b00000)]
  0x0000017792179000 JavaThread "build event listener" [_thread_blocked, id=2456, stack(0x0000004d51b00000,0x0000004d51c00000)]
  0x0000017792177000 JavaThread "included builds" [_thread_blocked, id=12944, stack(0x0000004d51c00000,0x0000004d51d00000)]
  0x0000017792179800 JavaThread "Execution worker" [_thread_blocked, id=16024, stack(0x0000004d51d00000,0x0000004d51e00000)]
  0x000001779217b000 JavaThread "Execution worker Thread 2" [_thread_blocked, id=1440, stack(0x0000004d51e00000,0x0000004d51f00000)]
  0x000001779217a800 JavaThread "Execution worker Thread 3" [_thread_blocked, id=16724, stack(0x0000004d51f00000,0x0000004d52000000)]
  0x0000017792175800 JavaThread "Cache worker for execution history cache (D:\Rukkmani\green_park_school_teacher\.gradle\7.5\executionHistory)" [_thread_blocked, id=11692, stack(0x0000004d52000000,0x0000004d52100000)]

Other Threads:
  0x00000177fcf2d800 VMThread "VM Thread" [stack: 0x0000004d4c800000,0x0000004d4c900000] [id=10048]
  0x00000177fd993800 WatcherThread [stack: 0x0000004d4d200000,0x0000004d4d300000] [id=2040]
  0x00000177f16c9800 GCTaskThread "GC Thread#0" [stack: 0x0000004d4c300000,0x0000004d4c400000] [id=1444]
  0x00000177fdda8000 GCTaskThread "GC Thread#1" [stack: 0x0000004d4d400000,0x0000004d4d500000] [id=18128]
  0x00000177fddc5000 GCTaskThread "GC Thread#2" [stack: 0x0000004d4d500000,0x0000004d4d600000] [id=11876]
  0x00000177fe071800 GCTaskThread "GC Thread#3" [stack: 0x0000004d4d600000,0x0000004d4d700000] [id=8248]
  0x00000177f16ee800 ConcurrentGCThread "G1 Main Marker" [stack: 0x0000004d4c400000,0x0000004d4c500000] [id=7072]
  0x00000177f16f0000 ConcurrentGCThread "G1 Conc#0" [stack: 0x0000004d4c500000,0x0000004d4c600000] [id=4024]
  0x00000177fcdc3000 ConcurrentGCThread "G1 Refine#0" [stack: 0x0000004d4c600000,0x0000004d4c700000] [id=11972]
  0x00000177fcdc4000 ConcurrentGCThread "G1 Young RemSet Sampling" [stack: 0x0000004d4c700000,0x0000004d4c800000] [id=1280]

Threads with active compile tasks:
C2 CompilerThread0  14904 9794   !   4       java.nio.file.FileTreeWalker::visit (204 bytes)
C1 CompilerThread0  14904 9804       3       org.gradle.internal.classloader.VisitableURLClassLoader::visit (38 bytes)
C2 CompilerThread1  14904 9784   !   4       java.nio.file.FileTreeWalker::next (144 bytes)

VM state:not at safepoint (normal execution)

VM Mutex/Monitor currently owned by a thread: None

Heap address: 0x00000000a0000000, size: 1536 MB, Compressed Oops mode: 32-bit
Narrow klass base: 0x0000000000000000, Narrow klass shift: 3
Compressed class space size: 1073741824 Address: 0x0000000100000000

Heap:
 garbage-first heap   total 262144K, used 187724K [0x00000000a0000000, 0x0000000100000000)
  region size 1024K, 142 young (145408K), 19 survivors (19456K)
 Metaspace       used 83418K, capacity 85680K, committed 85888K, reserved 1124352K
  class space    used 11002K, capacity 11808K, committed 11904K, reserved 1048576K
Heap Regions: E=young(eden), S=young(survivor), O=old, HS=humongous(starts), HC=humongous(continues), CS=collection set, F=free, A=archive, TAMS=top-at-mark-start (previous, next)
|   0|0x00000000a0000000, 0x00000000a0100000, 0x00000000a0100000|100%|HS|  |TAMS 0x00000000a0100000, 0x00000000a0000000| Complete 
|   1|0x00000000a0100000, 0x00000000a0200000, 0x00000000a0200000|100%|HC|  |TAMS 0x00000000a0200000, 0x00000000a0100000| Complete 
|   2|0x00000000a0200000, 0x00000000a0300000, 0x00000000a0300000|100%|HC|  |TAMS 0x00000000a0300000, 0x00000000a0200000| Complete 
|   3|0x00000000a0300000, 0x00000000a0400000, 0x00000000a0400000|100%| O|  |TAMS 0x00000000a0400000, 0x00000000a0300000| Untracked 
|   4|0x00000000a0400000, 0x00000000a0500000, 0x00000000a0500000|100%| O|  |TAMS 0x00000000a0500000, 0x00000000a0400000| Untracked 
|   5|0x00000000a0500000, 0x00000000a0600000, 0x00000000a0600000|100%| O|  |TAMS 0x00000000a0600000, 0x00000000a0500000| Untracked 
|   6|0x00000000a0600000, 0x00000000a0700000, 0x00000000a0700000|100%| O|  |TAMS 0x00000000a0700000, 0x00000000a0600000| Untracked 
|   7|0x00000000a0700000, 0x00000000a0800000, 0x00000000a0800000|100%| O|  |TAMS 0x00000000a0800000, 0x00000000a0700000| Untracked 
|   8|0x00000000a0800000, 0x00000000a0900000, 0x00000000a0900000|100%| O|  |TAMS 0x00000000a0900000, 0x00000000a0800000| Untracked 
|   9|0x00000000a0900000, 0x00000000a0a00000, 0x00000000a0a00000|100%| O|  |TAMS 0x00000000a0a00000, 0x00000000a0900000| Untracked 
|  10|0x00000000a0a00000, 0x00000000a0b00000, 0x00000000a0b00000|100%| O|  |TAMS 0x00000000a0b00000, 0x00000000a0a00000| Untracked 
|  11|0x00000000a0b00000, 0x00000000a0c00000, 0x00000000a0c00000|100%| O|  |TAMS 0x00000000a0c00000, 0x00000000a0b00000| Untracked 
|  12|0x00000000a0c00000, 0x00000000a0d00000, 0x00000000a0d00000|100%| O|  |TAMS 0x00000000a0d00000, 0x00000000a0c00000| Untracked 
|  13|0x00000000a0d00000, 0x00000000a0e00000, 0x00000000a0e00000|100%| O|  |TAMS 0x00000000a0e00000, 0x00000000a0d00000| Untracked 
|  14|0x00000000a0e00000, 0x00000000a0f00000, 0x00000000a0f00000|100%| O|  |TAMS 0x00000000a0f00000, 0x00000000a0e00000| Untracked 
|  15|0x00000000a0f00000, 0x00000000a1000000, 0x00000000a1000000|100%| O|  |TAMS 0x00000000a1000000, 0x00000000a0f00000| Untracked 
|  16|0x00000000a1000000, 0x00000000a1100000, 0x00000000a1100000|100%| O|  |TAMS 0x00000000a1100000, 0x00000000a1000000| Untracked 
|  17|0x00000000a1100000, 0x00000000a1200000, 0x00000000a1200000|100%|HS|  |TAMS 0x00000000a1200000, 0x00000000a1100000| Complete 
|  18|0x00000000a1200000, 0x00000000a1300000, 0x00000000a1300000|100%|HS|  |TAMS 0x00000000a1300000, 0x00000000a1200000| Complete 
|  19|0x00000000a1300000, 0x00000000a1400000, 0x00000000a1400000|100%|HS|  |TAMS 0x00000000a1400000, 0x00000000a1300000| Complete 
|  20|0x00000000a1400000, 0x00000000a1500000, 0x00000000a1500000|100%|HC|  |TAMS 0x00000000a1500000, 0x00000000a1400000| Complete 
|  21|0x00000000a1500000, 0x00000000a1600000, 0x00000000a1600000|100%| O|  |TAMS 0x00000000a1600000, 0x00000000a1500000| Untracked 
|  22|0x00000000a1600000, 0x00000000a1700000, 0x00000000a1700000|100%| O|  |TAMS 0x00000000a1700000, 0x00000000a1600000| Untracked 
|  23|0x00000000a1700000, 0x00000000a1800000, 0x00000000a1800000|100%| O|  |TAMS 0x00000000a1800000, 0x00000000a1700000| Untracked 
|  24|0x00000000a1800000, 0x00000000a1900000, 0x00000000a1900000|100%| O|  |TAMS 0x00000000a1900000, 0x00000000a1800000| Untracked 
|  25|0x00000000a1900000, 0x00000000a1900000, 0x00000000a1a00000|  0%| F|  |TAMS 0x00000000a1900000, 0x00000000a1900000| Untracked 
|  26|0x00000000a1a00000, 0x00000000a1b00000, 0x00000000a1b00000|100%| O|  |TAMS 0x00000000a1b00000, 0x00000000a1a00000| Untracked 
|  27|0x00000000a1b00000, 0x00000000a1c00000, 0x00000000a1c00000|100%| O|  |TAMS 0x00000000a1c00000, 0x00000000a1b00000| Untracked 
|  28|0x00000000a1c00000, 0x00000000a1d00000, 0x00000000a1d00000|100%| O|  |TAMS 0x00000000a1d00000, 0x00000000a1c00000| Untracked 
|  29|0x00000000a1d00000, 0x00000000a1e00000, 0x00000000a1e00000|100%| O|  |TAMS 0x00000000a1e00000, 0x00000000a1d00000| Untracked 
|  30|0x00000000a1e00000, 0x00000000a1f00000, 0x00000000a1f00000|100%| O|  |TAMS 0x00000000a1f00000, 0x00000000a1e00000| Untracked 
|  31|0x00000000a1f00000, 0x00000000a2000000, 0x00000000a2000000|100%| O|  |TAMS 0x00000000a2000000, 0x00000000a1f00000| Untracked 
|  32|0x00000000a2000000, 0x00000000a2100000, 0x00000000a2100000|100%| O|  |TAMS 0x00000000a2100000, 0x00000000a2000000| Untracked 
|  33|0x00000000a2100000, 0x00000000a2200000, 0x00000000a2200000|100%| O|  |TAMS 0x00000000a2200000, 0x00000000a2100000| Untracked 
|  34|0x00000000a2200000, 0x00000000a2300000, 0x00000000a2300000|100%| O|  |TAMS 0x00000000a2300000, 0x00000000a2200000| Untracked 
|  35|0x00000000a2300000, 0x00000000a2400000, 0x00000000a2400000|100%| O|  |TAMS 0x00000000a2400000, 0x00000000a2300000| Untracked 
|  36|0x00000000a2400000, 0x00000000a2500000, 0x00000000a2500000|100%| O|  |TAMS 0x00000000a2500000, 0x00000000a2400000| Untracked 
|  37|0x00000000a2500000, 0x00000000a2600000, 0x00000000a2600000|100%| O|  |TAMS 0x00000000a2600000, 0x00000000a2500000| Untracked 
|  38|0x00000000a2600000, 0x00000000a2700000, 0x00000000a2700000|100%| O|  |TAMS 0x00000000a2700000, 0x00000000a2600000| Untracked 
|  39|0x00000000a2700000, 0x00000000a2800000, 0x00000000a2800000|100%| O|  |TAMS 0x00000000a2800000, 0x00000000a2700000| Untracked 
|  40|0x00000000a2800000, 0x00000000a2900000, 0x00000000a2900000|100%| O|  |TAMS 0x00000000a2900000, 0x00000000a2800000| Untracked 
|  41|0x00000000a2900000, 0x00000000a2a00000, 0x00000000a2a00000|100%| O|  |TAMS 0x00000000a2a00000, 0x00000000a2900000| Untracked 
|  42|0x00000000a2a00000, 0x00000000a2b00000, 0x00000000a2b00000|100%| O|  |TAMS 0x00000000a2b00000, 0x00000000a2a00000| Untracked 
|  43|0x00000000a2b00000, 0x00000000a2c00000, 0x00000000a2c00000|100%| O|  |TAMS 0x00000000a2c00000, 0x00000000a2b00000| Untracked 
|  44|0x00000000a2c00000, 0x00000000a2cd3200, 0x00000000a2d00000| 82%| O|  |TAMS 0x00000000a2cd3200, 0x00000000a2c00000| Untracked 
|  45|0x00000000a2d00000, 0x00000000a2d00000, 0x00000000a2e00000|  0%| F|  |TAMS 0x00000000a2d00000, 0x00000000a2d00000| Untracked 
|  46|0x00000000a2e00000, 0x00000000a2e00000, 0x00000000a2f00000|  0%| F|  |TAMS 0x00000000a2e00000, 0x00000000a2e00000| Untracked 
|  47|0x00000000a2f00000, 0x00000000a2f00000, 0x00000000a3000000|  0%| F|  |TAMS 0x00000000a2f00000, 0x00000000a2f00000| Untracked 
|  48|0x00000000a3000000, 0x00000000a3000000, 0x00000000a3100000|  0%| F|  |TAMS 0x00000000a3000000, 0x00000000a3000000| Untracked 
|  49|0x00000000a3100000, 0x00000000a3100000, 0x00000000a3200000|  0%| F|  |TAMS 0x00000000a3100000, 0x00000000a3100000| Untracked 
|  50|0x00000000a3200000, 0x00000000a3200000, 0x00000000a3300000|  0%| F|  |TAMS 0x00000000a3200000, 0x00000000a3200000| Untracked 
|  51|0x00000000a3300000, 0x00000000a3300000, 0x00000000a3400000|  0%| F|  |TAMS 0x00000000a3300000, 0x00000000a3300000| Untracked 
|  52|0x00000000a3400000, 0x00000000a3400000, 0x00000000a3500000|  0%| F|  |TAMS 0x00000000a3400000, 0x00000000a3400000| Untracked 
|  53|0x00000000a3500000, 0x00000000a3500000, 0x00000000a3600000|  0%| F|  |TAMS 0x00000000a3500000, 0x00000000a3500000| Untracked 
|  54|0x00000000a3600000, 0x00000000a3600000, 0x00000000a3700000|  0%| F|  |TAMS 0x00000000a3600000, 0x00000000a3600000| Untracked 
|  55|0x00000000a3700000, 0x00000000a3700000, 0x00000000a3800000|  0%| F|  |TAMS 0x00000000a3700000, 0x00000000a3700000| Untracked 
|  56|0x00000000a3800000, 0x00000000a3800000, 0x00000000a3900000|  0%| F|  |TAMS 0x00000000a3800000, 0x00000000a3800000| Untracked 
|  57|0x00000000a3900000, 0x00000000a3900000, 0x00000000a3a00000|  0%| F|  |TAMS 0x00000000a3900000, 0x00000000a3900000| Untracked 
|  58|0x00000000a3a00000, 0x00000000a3a00000, 0x00000000a3b00000|  0%| F|  |TAMS 0x00000000a3a00000, 0x00000000a3a00000| Untracked 
|  59|0x00000000a3b00000, 0x00000000a3b00000, 0x00000000a3c00000|  0%| F|  |TAMS 0x00000000a3b00000, 0x00000000a3b00000| Untracked 
|  60|0x00000000a3c00000, 0x00000000a3c00000, 0x00000000a3d00000|  0%| F|  |TAMS 0x00000000a3c00000, 0x00000000a3c00000| Untracked 
|  61|0x00000000a3d00000, 0x00000000a3d00000, 0x00000000a3e00000|  0%| F|  |TAMS 0x00000000a3d00000, 0x00000000a3d00000| Untracked 
|  62|0x00000000a3e00000, 0x00000000a3e00000, 0x00000000a3f00000|  0%| F|  |TAMS 0x00000000a3e00000, 0x00000000a3e00000| Untracked 
|  63|0x00000000a3f00000, 0x00000000a3f00000, 0x00000000a4000000|  0%| F|  |TAMS 0x00000000a3f00000, 0x00000000a3f00000| Untracked 
|  64|0x00000000a4000000, 0x00000000a4000000, 0x00000000a4100000|  0%| F|  |TAMS 0x00000000a4000000, 0x00000000a4000000| Untracked 
|  65|0x00000000a4100000, 0x00000000a4100000, 0x00000000a4200000|  0%| F|  |TAMS 0x00000000a4100000, 0x00000000a4100000| Untracked 
|  66|0x00000000a4200000, 0x00000000a4200000, 0x00000000a4300000|  0%| F|  |TAMS 0x00000000a4200000, 0x00000000a4200000| Untracked 
|  67|0x00000000a4300000, 0x00000000a4300000, 0x00000000a4400000|  0%| F|  |TAMS 0x00000000a4300000, 0x00000000a4300000| Untracked 
|  68|0x00000000a4400000, 0x00000000a4400000, 0x00000000a4500000|  0%| F|  |TAMS 0x00000000a4400000, 0x00000000a4400000| Untracked 
|  69|0x00000000a4500000, 0x00000000a4500000, 0x00000000a4600000|  0%| F|  |TAMS 0x00000000a4500000, 0x00000000a4500000| Untracked 
|  70|0x00000000a4600000, 0x00000000a4600000, 0x00000000a4700000|  0%| F|  |TAMS 0x00000000a4600000, 0x00000000a4600000| Untracked 
|  71|0x00000000a4700000, 0x00000000a4700000, 0x00000000a4800000|  0%| F|  |TAMS 0x00000000a4700000, 0x00000000a4700000| Untracked 
|  72|0x00000000a4800000, 0x00000000a4800000, 0x00000000a4900000|  0%| F|  |TAMS 0x00000000a4800000, 0x00000000a4800000| Untracked 
|  73|0x00000000a4900000, 0x00000000a4900000, 0x00000000a4a00000|  0%| F|  |TAMS 0x00000000a4900000, 0x00000000a4900000| Untracked 
|  74|0x00000000a4a00000, 0x00000000a4a00000, 0x00000000a4b00000|  0%| F|  |TAMS 0x00000000a4a00000, 0x00000000a4a00000| Untracked 
|  75|0x00000000a4b00000, 0x00000000a4b00000, 0x00000000a4c00000|  0%| F|  |TAMS 0x00000000a4b00000, 0x00000000a4b00000| Untracked 
|  76|0x00000000a4c00000, 0x00000000a4c00000, 0x00000000a4d00000|  0%| F|  |TAMS 0x00000000a4c00000, 0x00000000a4c00000| Untracked 
|  77|0x00000000a4d00000, 0x00000000a4d00000, 0x00000000a4e00000|  0%| F|  |TAMS 0x00000000a4d00000, 0x00000000a4d00000| Untracked 
|  78|0x00000000a4e00000, 0x00000000a4e00000, 0x00000000a4f00000|  0%| F|  |TAMS 0x00000000a4e00000, 0x00000000a4e00000| Untracked 
|  79|0x00000000a4f00000, 0x00000000a4f00000, 0x00000000a5000000|  0%| F|  |TAMS 0x00000000a4f00000, 0x00000000a4f00000| Untracked 
|  80|0x00000000a5000000, 0x00000000a5000000, 0x00000000a5100000|  0%| F|  |TAMS 0x00000000a5000000, 0x00000000a5000000| Untracked 
|  81|0x00000000a5100000, 0x00000000a5100000, 0x00000000a5200000|  0%| F|  |TAMS 0x00000000a5100000, 0x00000000a5100000| Untracked 
|  82|0x00000000a5200000, 0x00000000a5200000, 0x00000000a5300000|  0%| F|  |TAMS 0x00000000a5200000, 0x00000000a5200000| Untracked 
|  83|0x00000000a5300000, 0x00000000a5300000, 0x00000000a5400000|  0%| F|  |TAMS 0x00000000a5300000, 0x00000000a5300000| Untracked 
|  84|0x00000000a5400000, 0x00000000a5400000, 0x00000000a5500000|  0%| F|  |TAMS 0x00000000a5400000, 0x00000000a5400000| Untracked 
|  85|0x00000000a5500000, 0x00000000a5500000, 0x00000000a5600000|  0%| F|  |TAMS 0x00000000a5500000, 0x00000000a5500000| Untracked 
|  86|0x00000000a5600000, 0x00000000a5600000, 0x00000000a5700000|  0%| F|  |TAMS 0x00000000a5600000, 0x00000000a5600000| Untracked 
|  87|0x00000000a5700000, 0x00000000a5700000, 0x00000000a5800000|  0%| F|  |TAMS 0x00000000a5700000, 0x00000000a5700000| Untracked 
|  88|0x00000000a5800000, 0x00000000a5800000, 0x00000000a5900000|  0%| F|  |TAMS 0x00000000a5800000, 0x00000000a5800000| Untracked 
|  89|0x00000000a5900000, 0x00000000a5900000, 0x00000000a5a00000|  0%| F|  |TAMS 0x00000000a5900000, 0x00000000a5900000| Untracked 
|  90|0x00000000a5a00000, 0x00000000a5a00000, 0x00000000a5b00000|  0%| F|  |TAMS 0x00000000a5a00000, 0x00000000a5a00000| Untracked 
|  91|0x00000000a5b00000, 0x00000000a5b00000, 0x00000000a5c00000|  0%| F|  |TAMS 0x00000000a5b00000, 0x00000000a5b00000| Untracked 
|  92|0x00000000a5c00000, 0x00000000a5c00000, 0x00000000a5d00000|  0%| F|  |TAMS 0x00000000a5c00000, 0x00000000a5c00000| Untracked 
|  93|0x00000000a5d00000, 0x00000000a5d00000, 0x00000000a5e00000|  0%| F|  |TAMS 0x00000000a5d00000, 0x00000000a5d00000| Untracked 
|  94|0x00000000a5e00000, 0x00000000a5e00000, 0x00000000a5f00000|  0%| F|  |TAMS 0x00000000a5e00000, 0x00000000a5e00000| Untracked 
|  95|0x00000000a5f00000, 0x00000000a5f00000, 0x00000000a6000000|  0%| F|  |TAMS 0x00000000a5f00000, 0x00000000a5f00000| Untracked 
|  96|0x00000000a6000000, 0x00000000a6080000, 0x00000000a6100000| 50%| S|CS|TAMS 0x00000000a6000000, 0x00000000a6000000| Complete 
|  97|0x00000000a6100000, 0x00000000a6200000, 0x00000000a6200000|100%| S|CS|TAMS 0x00000000a6100000, 0x00000000a6100000| Complete 
|  98|0x00000000a6200000, 0x00000000a6300000, 0x00000000a6300000|100%| S|CS|TAMS 0x00000000a6200000, 0x00000000a6200000| Complete 
|  99|0x00000000a6300000, 0x00000000a6400000, 0x00000000a6400000|100%| S|CS|TAMS 0x00000000a6300000, 0x00000000a6300000| Complete 
| 100|0x00000000a6400000, 0x00000000a6500000, 0x00000000a6500000|100%| S|CS|TAMS 0x00000000a6400000, 0x00000000a6400000| Complete 
| 101|0x00000000a6500000, 0x00000000a6600000, 0x00000000a6600000|100%| S|CS|TAMS 0x00000000a6500000, 0x00000000a6500000| Complete 
| 102|0x00000000a6600000, 0x00000000a6700000, 0x00000000a6700000|100%| S|CS|TAMS 0x00000000a6600000, 0x00000000a6600000| Complete 
| 103|0x00000000a6700000, 0x00000000a6800000, 0x00000000a6800000|100%| S|CS|TAMS 0x00000000a6700000, 0x00000000a6700000| Complete 
| 104|0x00000000a6800000, 0x00000000a6900000, 0x00000000a6900000|100%| S|CS|TAMS 0x00000000a6800000, 0x00000000a6800000| Complete 
| 105|0x00000000a6900000, 0x00000000a6a00000, 0x00000000a6a00000|100%| S|CS|TAMS 0x00000000a6900000, 0x00000000a6900000| Complete 
| 106|0x00000000a6a00000, 0x00000000a6b00000, 0x00000000a6b00000|100%| S|CS|TAMS 0x00000000a6a00000, 0x00000000a6a00000| Complete 
| 107|0x00000000a6b00000, 0x00000000a6c00000, 0x00000000a6c00000|100%| S|CS|TAMS 0x00000000a6b00000, 0x00000000a6b00000| Complete 
| 108|0x00000000a6c00000, 0x00000000a6d00000, 0x00000000a6d00000|100%| S|CS|TAMS 0x00000000a6c00000, 0x00000000a6c00000| Complete 
| 109|0x00000000a6d00000, 0x00000000a6e00000, 0x00000000a6e00000|100%| S|CS|TAMS 0x00000000a6d00000, 0x00000000a6d00000| Complete 
| 110|0x00000000a6e00000, 0x00000000a6f00000, 0x00000000a6f00000|100%| S|CS|TAMS 0x00000000a6e00000, 0x00000000a6e00000| Complete 
| 111|0x00000000a6f00000, 0x00000000a7000000, 0x00000000a7000000|100%| S|CS|TAMS 0x00000000a6f00000, 0x00000000a6f00000| Complete 
| 112|0x00000000a7000000, 0x00000000a7000000, 0x00000000a7100000|  0%| F|  |TAMS 0x00000000a7000000, 0x00000000a7000000| Untracked 
| 113|0x00000000a7100000, 0x00000000a7100000, 0x00000000a7200000|  0%| F|  |TAMS 0x00000000a7100000, 0x00000000a7100000| Untracked 
| 114|0x00000000a7200000, 0x00000000a7200000, 0x00000000a7300000|  0%| F|  |TAMS 0x00000000a7200000, 0x00000000a7200000| Untracked 
| 115|0x00000000a7300000, 0x00000000a7300000, 0x00000000a7400000|  0%| F|  |TAMS 0x00000000a7300000, 0x00000000a7300000| Untracked 
| 116|0x00000000a7400000, 0x00000000a7400000, 0x00000000a7500000|  0%| F|  |TAMS 0x00000000a7400000, 0x00000000a7400000| Untracked 
| 117|0x00000000a7500000, 0x00000000a7500000, 0x00000000a7600000|  0%| F|  |TAMS 0x00000000a7500000, 0x00000000a7500000| Untracked 
| 118|0x00000000a7600000, 0x00000000a7600000, 0x00000000a7700000|  0%| F|  |TAMS 0x00000000a7600000, 0x00000000a7600000| Untracked 
| 119|0x00000000a7700000, 0x00000000a7700000, 0x00000000a7800000|  0%| F|  |TAMS 0x00000000a7700000, 0x00000000a7700000| Untracked 
| 120|0x00000000a7800000, 0x00000000a7800000, 0x00000000a7900000|  0%| F|  |TAMS 0x00000000a7800000, 0x00000000a7800000| Untracked 
| 121|0x00000000a7900000, 0x00000000a7900000, 0x00000000a7a00000|  0%| F|  |TAMS 0x00000000a7900000, 0x00000000a7900000| Untracked 
| 122|0x00000000a7a00000, 0x00000000a7a00000, 0x00000000a7b00000|  0%| F|  |TAMS 0x00000000a7a00000, 0x00000000a7a00000| Untracked 
| 123|0x00000000a7b00000, 0x00000000a7c00000, 0x00000000a7c00000|100%| S|CS|TAMS 0x00000000a7b00000, 0x00000000a7b00000| Complete 
| 124|0x00000000a7c00000, 0x00000000a7d00000, 0x00000000a7d00000|100%| S|CS|TAMS 0x00000000a7c00000, 0x00000000a7c00000| Complete 
| 125|0x00000000a7d00000, 0x00000000a7e00000, 0x00000000a7e00000|100%| S|CS|TAMS 0x00000000a7d00000, 0x00000000a7d00000| Complete 
| 126|0x00000000a7e00000, 0x00000000a7e00000, 0x00000000a7f00000|  0%| F|  |TAMS 0x00000000a7e00000, 0x00000000a7e00000| Untracked 
| 127|0x00000000a7f00000, 0x00000000a7f00000, 0x00000000a8000000|  0%| F|  |TAMS 0x00000000a7f00000, 0x00000000a7f00000| Untracked 
| 128|0x00000000a8000000, 0x00000000a8000000, 0x00000000a8100000|  0%| F|  |TAMS 0x00000000a8000000, 0x00000000a8000000| Untracked 
| 129|0x00000000a8100000, 0x00000000a8100000, 0x00000000a8200000|  0%| F|  |TAMS 0x00000000a8100000, 0x00000000a8100000| Untracked 
| 130|0x00000000a8200000, 0x00000000a8200000, 0x00000000a8300000|  0%| F|  |TAMS 0x00000000a8200000, 0x00000000a8200000| Untracked 
| 131|0x00000000a8300000, 0x00000000a8300000, 0x00000000a8400000|  0%| F|  |TAMS 0x00000000a8300000, 0x00000000a8300000| Untracked 
| 132|0x00000000a8400000, 0x00000000a8423d68, 0x00000000a8500000| 13%| E|  |TAMS 0x00000000a8400000, 0x00000000a8400000| Complete 
| 133|0x00000000a8500000, 0x00000000a8600000, 0x00000000a8600000|100%| E|CS|TAMS 0x00000000a8500000, 0x00000000a8500000| Complete 
| 134|0x00000000a8600000, 0x00000000a8700000, 0x00000000a8700000|100%| E|CS|TAMS 0x00000000a8600000, 0x00000000a8600000| Complete 
| 135|0x00000000a8700000, 0x00000000a8800000, 0x00000000a8800000|100%| E|CS|TAMS 0x00000000a8700000, 0x00000000a8700000| Complete 
| 136|0x00000000a8800000, 0x00000000a8900000, 0x00000000a8900000|100%| E|CS|TAMS 0x00000000a8800000, 0x00000000a8800000| Complete 
| 137|0x00000000a8900000, 0x00000000a8a00000, 0x00000000a8a00000|100%| E|CS|TAMS 0x00000000a8900000, 0x00000000a8900000| Complete 
| 138|0x00000000a8a00000, 0x00000000a8b00000, 0x00000000a8b00000|100%| E|  |TAMS 0x00000000a8a00000, 0x00000000a8a00000| Complete 
| 139|0x00000000a8b00000, 0x00000000a8c00000, 0x00000000a8c00000|100%| E|CS|TAMS 0x00000000a8b00000, 0x00000000a8b00000| Complete 
| 140|0x00000000a8c00000, 0x00000000a8d00000, 0x00000000a8d00000|100%| E|CS|TAMS 0x00000000a8c00000, 0x00000000a8c00000| Complete 
| 141|0x00000000a8d00000, 0x00000000a8e00000, 0x00000000a8e00000|100%| E|CS|TAMS 0x00000000a8d00000, 0x00000000a8d00000| Complete 
| 142|0x00000000a8e00000, 0x00000000a8f00000, 0x00000000a8f00000|100%| E|CS|TAMS 0x00000000a8e00000, 0x00000000a8e00000| Complete 
| 143|0x00000000a8f00000, 0x00000000a9000000, 0x00000000a9000000|100%| E|CS|TAMS 0x00000000a8f00000, 0x00000000a8f00000| Complete 
| 144|0x00000000a9000000, 0x00000000a9100000, 0x00000000a9100000|100%| E|CS|TAMS 0x00000000a9000000, 0x00000000a9000000| Complete 
| 145|0x00000000a9100000, 0x00000000a9200000, 0x00000000a9200000|100%| E|CS|TAMS 0x00000000a9100000, 0x00000000a9100000| Complete 
| 146|0x00000000a9200000, 0x00000000a9300000, 0x00000000a9300000|100%| E|CS|TAMS 0x00000000a9200000, 0x00000000a9200000| Complete 
| 147|0x00000000a9300000, 0x00000000a9400000, 0x00000000a9400000|100%| E|CS|TAMS 0x00000000a9300000, 0x00000000a9300000| Complete 
| 148|0x00000000a9400000, 0x00000000a9500000, 0x00000000a9500000|100%| E|CS|TAMS 0x00000000a9400000, 0x00000000a9400000| Complete 
| 149|0x00000000a9500000, 0x00000000a9600000, 0x00000000a9600000|100%| E|CS|TAMS 0x00000000a9500000, 0x00000000a9500000| Complete 
| 150|0x00000000a9600000, 0x00000000a9700000, 0x00000000a9700000|100%| E|CS|TAMS 0x00000000a9600000, 0x00000000a9600000| Complete 
| 151|0x00000000a9700000, 0x00000000a9800000, 0x00000000a9800000|100%| E|CS|TAMS 0x00000000a9700000, 0x00000000a9700000| Complete 
| 152|0x00000000a9800000, 0x00000000a9900000, 0x00000000a9900000|100%| E|CS|TAMS 0x00000000a9800000, 0x00000000a9800000| Complete 
| 153|0x00000000a9900000, 0x00000000a9a00000, 0x00000000a9a00000|100%| E|CS|TAMS 0x00000000a9900000, 0x00000000a9900000| Complete 
| 154|0x00000000a9a00000, 0x00000000a9b00000, 0x00000000a9b00000|100%| E|CS|TAMS 0x00000000a9a00000, 0x00000000a9a00000| Complete 
| 155|0x00000000a9b00000, 0x00000000a9c00000, 0x00000000a9c00000|100%| E|CS|TAMS 0x00000000a9b00000, 0x00000000a9b00000| Complete 
| 156|0x00000000a9c00000, 0x00000000a9d00000, 0x00000000a9d00000|100%| E|CS|TAMS 0x00000000a9c00000, 0x00000000a9c00000| Complete 
| 157|0x00000000a9d00000, 0x00000000a9e00000, 0x00000000a9e00000|100%| E|CS|TAMS 0x00000000a9d00000, 0x00000000a9d00000| Complete 
| 158|0x00000000a9e00000, 0x00000000a9f00000, 0x00000000a9f00000|100%| E|CS|TAMS 0x00000000a9e00000, 0x00000000a9e00000| Complete 
| 159|0x00000000a9f00000, 0x00000000aa000000, 0x00000000aa000000|100%| E|CS|TAMS 0x00000000a9f00000, 0x00000000a9f00000| Complete 
| 160|0x00000000aa000000, 0x00000000aa100000, 0x00000000aa100000|100%| E|CS|TAMS 0x00000000aa000000, 0x00000000aa000000| Complete 
| 161|0x00000000aa100000, 0x00000000aa200000, 0x00000000aa200000|100%| E|CS|TAMS 0x00000000aa100000, 0x00000000aa100000| Complete 
| 162|0x00000000aa200000, 0x00000000aa300000, 0x00000000aa300000|100%| E|CS|TAMS 0x00000000aa200000, 0x00000000aa200000| Complete 
| 163|0x00000000aa300000, 0x00000000aa400000, 0x00000000aa400000|100%| E|CS|TAMS 0x00000000aa300000, 0x00000000aa300000| Complete 
| 164|0x00000000aa400000, 0x00000000aa500000, 0x00000000aa500000|100%| E|CS|TAMS 0x00000000aa400000, 0x00000000aa400000| Complete 
| 165|0x00000000aa500000, 0x00000000aa600000, 0x00000000aa600000|100%| E|CS|TAMS 0x00000000aa500000, 0x00000000aa500000| Complete 
| 166|0x00000000aa600000, 0x00000000aa700000, 0x00000000aa700000|100%| E|CS|TAMS 0x00000000aa600000, 0x00000000aa600000| Complete 
| 167|0x00000000aa700000, 0x00000000aa800000, 0x00000000aa800000|100%| E|CS|TAMS 0x00000000aa700000, 0x00000000aa700000| Complete 
| 168|0x00000000aa800000, 0x00000000aa900000, 0x00000000aa900000|100%| E|CS|TAMS 0x00000000aa800000, 0x00000000aa800000| Complete 
| 169|0x00000000aa900000, 0x00000000aaa00000, 0x00000000aaa00000|100%| E|CS|TAMS 0x00000000aa900000, 0x00000000aa900000| Complete 
| 170|0x00000000aaa00000, 0x00000000aab00000, 0x00000000aab00000|100%| E|CS|TAMS 0x00000000aaa00000, 0x00000000aaa00000| Complete 
| 171|0x00000000aab00000, 0x00000000aac00000, 0x00000000aac00000|100%| E|CS|TAMS 0x00000000aab00000, 0x00000000aab00000| Complete 
| 172|0x00000000aac00000, 0x00000000aad00000, 0x00000000aad00000|100%| E|CS|TAMS 0x00000000aac00000, 0x00000000aac00000| Complete 
| 173|0x00000000aad00000, 0x00000000aae00000, 0x00000000aae00000|100%| E|CS|TAMS 0x00000000aad00000, 0x00000000aad00000| Complete 
| 174|0x00000000aae00000, 0x00000000aaf00000, 0x00000000aaf00000|100%| E|CS|TAMS 0x00000000aae00000, 0x00000000aae00000| Complete 
| 175|0x00000000aaf00000, 0x00000000ab000000, 0x00000000ab000000|100%| E|CS|TAMS 0x00000000aaf00000, 0x00000000aaf00000| Complete 
| 176|0x00000000ab000000, 0x00000000ab100000, 0x00000000ab100000|100%| E|CS|TAMS 0x00000000ab000000, 0x00000000ab000000| Complete 
| 177|0x00000000ab100000, 0x00000000ab200000, 0x00000000ab200000|100%| E|CS|TAMS 0x00000000ab100000, 0x00000000ab100000| Complete 
| 178|0x00000000ab200000, 0x00000000ab300000, 0x00000000ab300000|100%| E|CS|TAMS 0x00000000ab200000, 0x00000000ab200000| Complete 
| 179|0x00000000ab300000, 0x00000000ab400000, 0x00000000ab400000|100%| E|CS|TAMS 0x00000000ab300000, 0x00000000ab300000| Complete 
| 180|0x00000000ab400000, 0x00000000ab500000, 0x00000000ab500000|100%| E|CS|TAMS 0x00000000ab400000, 0x00000000ab400000| Complete 
| 181|0x00000000ab500000, 0x00000000ab600000, 0x00000000ab600000|100%| E|CS|TAMS 0x00000000ab500000, 0x00000000ab500000| Complete 
| 182|0x00000000ab600000, 0x00000000ab700000, 0x00000000ab700000|100%| E|CS|TAMS 0x00000000ab600000, 0x00000000ab600000| Complete 
| 183|0x00000000ab700000, 0x00000000ab800000, 0x00000000ab800000|100%| E|CS|TAMS 0x00000000ab700000, 0x00000000ab700000| Complete 
| 184|0x00000000ab800000, 0x00000000ab900000, 0x00000000ab900000|100%| E|CS|TAMS 0x00000000ab800000, 0x00000000ab800000| Complete 
| 185|0x00000000ab900000, 0x00000000aba00000, 0x00000000aba00000|100%| E|CS|TAMS 0x00000000ab900000, 0x00000000ab900000| Complete 
| 186|0x00000000aba00000, 0x00000000abb00000, 0x00000000abb00000|100%| E|CS|TAMS 0x00000000aba00000, 0x00000000aba00000| Complete 
| 187|0x00000000abb00000, 0x00000000abc00000, 0x00000000abc00000|100%| E|CS|TAMS 0x00000000abb00000, 0x00000000abb00000| Complete 
| 188|0x00000000abc00000, 0x00000000abd00000, 0x00000000abd00000|100%| E|CS|TAMS 0x00000000abc00000, 0x00000000abc00000| Complete 
| 189|0x00000000abd00000, 0x00000000abe00000, 0x00000000abe00000|100%| E|CS|TAMS 0x00000000abd00000, 0x00000000abd00000| Complete 
| 190|0x00000000abe00000, 0x00000000abf00000, 0x00000000abf00000|100%| E|CS|TAMS 0x00000000abe00000, 0x00000000abe00000| Complete 
| 191|0x00000000abf00000, 0x00000000ac000000, 0x00000000ac000000|100%| E|CS|TAMS 0x00000000abf00000, 0x00000000abf00000| Complete 
| 192|0x00000000ac000000, 0x00000000ac100000, 0x00000000ac100000|100%| E|CS|TAMS 0x00000000ac000000, 0x00000000ac000000| Complete 
| 193|0x00000000ac100000, 0x00000000ac200000, 0x00000000ac200000|100%| E|CS|TAMS 0x00000000ac100000, 0x00000000ac100000| Complete 
| 194|0x00000000ac200000, 0x00000000ac300000, 0x00000000ac300000|100%| E|CS|TAMS 0x00000000ac200000, 0x00000000ac200000| Complete 
| 195|0x00000000ac300000, 0x00000000ac400000, 0x00000000ac400000|100%| E|CS|TAMS 0x00000000ac300000, 0x00000000ac300000| Complete 
| 196|0x00000000ac400000, 0x00000000ac500000, 0x00000000ac500000|100%| E|CS|TAMS 0x00000000ac400000, 0x00000000ac400000| Complete 
| 197|0x00000000ac500000, 0x00000000ac600000, 0x00000000ac600000|100%| E|CS|TAMS 0x00000000ac500000, 0x00000000ac500000| Complete 
| 198|0x00000000ac600000, 0x00000000ac700000, 0x00000000ac700000|100%| E|CS|TAMS 0x00000000ac600000, 0x00000000ac600000| Complete 
| 199|0x00000000ac700000, 0x00000000ac800000, 0x00000000ac800000|100%| E|CS|TAMS 0x00000000ac700000, 0x00000000ac700000| Complete 
| 200|0x00000000ac800000, 0x00000000ac900000, 0x00000000ac900000|100%| E|CS|TAMS 0x00000000ac800000, 0x00000000ac800000| Complete 
| 201|0x00000000ac900000, 0x00000000aca00000, 0x00000000aca00000|100%| E|CS|TAMS 0x00000000ac900000, 0x00000000ac900000| Complete 
| 202|0x00000000aca00000, 0x00000000acb00000, 0x00000000acb00000|100%| E|CS|TAMS 0x00000000aca00000, 0x00000000aca00000| Complete 
| 203|0x00000000acb00000, 0x00000000acc00000, 0x00000000acc00000|100%| E|CS|TAMS 0x00000000acb00000, 0x00000000acb00000| Complete 
| 204|0x00000000acc00000, 0x00000000acd00000, 0x00000000acd00000|100%| E|CS|TAMS 0x00000000acc00000, 0x00000000acc00000| Complete 
| 205|0x00000000acd00000, 0x00000000ace00000, 0x00000000ace00000|100%| E|CS|TAMS 0x00000000acd00000, 0x00000000acd00000| Complete 
| 206|0x00000000ace00000, 0x00000000acf00000, 0x00000000acf00000|100%| E|CS|TAMS 0x00000000ace00000, 0x00000000ace00000| Complete 
| 207|0x00000000acf00000, 0x00000000ad000000, 0x00000000ad000000|100%| E|CS|TAMS 0x00000000acf00000, 0x00000000acf00000| Complete 
| 208|0x00000000ad000000, 0x00000000ad100000, 0x00000000ad100000|100%| E|CS|TAMS 0x00000000ad000000, 0x00000000ad000000| Complete 
| 209|0x00000000ad100000, 0x00000000ad200000, 0x00000000ad200000|100%| E|CS|TAMS 0x00000000ad100000, 0x00000000ad100000| Complete 
| 210|0x00000000ad200000, 0x00000000ad300000, 0x00000000ad300000|100%| E|CS|TAMS 0x00000000ad200000, 0x00000000ad200000| Complete 
| 211|0x00000000ad300000, 0x00000000ad400000, 0x00000000ad400000|100%| E|CS|TAMS 0x00000000ad300000, 0x00000000ad300000| Complete 
| 212|0x00000000ad400000, 0x00000000ad500000, 0x00000000ad500000|100%| E|CS|TAMS 0x00000000ad400000, 0x00000000ad400000| Complete 
| 213|0x00000000ad500000, 0x00000000ad600000, 0x00000000ad600000|100%| E|CS|TAMS 0x00000000ad500000, 0x00000000ad500000| Complete 
| 214|0x00000000ad600000, 0x00000000ad700000, 0x00000000ad700000|100%| E|CS|TAMS 0x00000000ad600000, 0x00000000ad600000| Complete 
| 215|0x00000000ad700000, 0x00000000ad800000, 0x00000000ad800000|100%| E|CS|TAMS 0x00000000ad700000, 0x00000000ad700000| Complete 
| 216|0x00000000ad800000, 0x00000000ad900000, 0x00000000ad900000|100%| E|CS|TAMS 0x00000000ad800000, 0x00000000ad800000| Complete 
| 217|0x00000000ad900000, 0x00000000ada00000, 0x00000000ada00000|100%| E|CS|TAMS 0x00000000ad900000, 0x00000000ad900000| Complete 
| 218|0x00000000ada00000, 0x00000000adb00000, 0x00000000adb00000|100%| E|CS|TAMS 0x00000000ada00000, 0x00000000ada00000| Complete 
| 219|0x00000000adb00000, 0x00000000adc00000, 0x00000000adc00000|100%| E|CS|TAMS 0x00000000adb00000, 0x00000000adb00000| Complete 
| 220|0x00000000adc00000, 0x00000000add00000, 0x00000000add00000|100%| E|CS|TAMS 0x00000000adc00000, 0x00000000adc00000| Complete 
| 221|0x00000000add00000, 0x00000000ade00000, 0x00000000ade00000|100%| E|CS|TAMS 0x00000000add00000, 0x00000000add00000| Complete 
| 222|0x00000000ade00000, 0x00000000adf00000, 0x00000000adf00000|100%| E|CS|TAMS 0x00000000ade00000, 0x00000000ade00000| Complete 
| 223|0x00000000adf00000, 0x00000000ae000000, 0x00000000ae000000|100%| E|CS|TAMS 0x00000000adf00000, 0x00000000adf00000| Complete 
| 224|0x00000000ae000000, 0x00000000ae100000, 0x00000000ae100000|100%| E|CS|TAMS 0x00000000ae000000, 0x00000000ae000000| Complete 
| 225|0x00000000ae100000, 0x00000000ae200000, 0x00000000ae200000|100%| E|CS|TAMS 0x00000000ae100000, 0x00000000ae100000| Complete 
| 226|0x00000000ae200000, 0x00000000ae300000, 0x00000000ae300000|100%| E|CS|TAMS 0x00000000ae200000, 0x00000000ae200000| Complete 
| 227|0x00000000ae300000, 0x00000000ae400000, 0x00000000ae400000|100%| E|CS|TAMS 0x00000000ae300000, 0x00000000ae300000| Complete 
| 228|0x00000000ae400000, 0x00000000ae500000, 0x00000000ae500000|100%| E|CS|TAMS 0x00000000ae400000, 0x00000000ae400000| Complete 
| 229|0x00000000ae500000, 0x00000000ae600000, 0x00000000ae600000|100%| E|CS|TAMS 0x00000000ae500000, 0x00000000ae500000| Complete 
| 230|0x00000000ae600000, 0x00000000ae700000, 0x00000000ae700000|100%| E|CS|TAMS 0x00000000ae600000, 0x00000000ae600000| Complete 
| 231|0x00000000ae700000, 0x00000000ae800000, 0x00000000ae800000|100%| E|CS|TAMS 0x00000000ae700000, 0x00000000ae700000| Complete 
| 232|0x00000000ae800000, 0x00000000ae900000, 0x00000000ae900000|100%| E|CS|TAMS 0x00000000ae800000, 0x00000000ae800000| Complete 
| 233|0x00000000ae900000, 0x00000000aea00000, 0x00000000aea00000|100%| E|CS|TAMS 0x00000000ae900000, 0x00000000ae900000| Complete 
| 234|0x00000000aea00000, 0x00000000aeb00000, 0x00000000aeb00000|100%| E|CS|TAMS 0x00000000aea00000, 0x00000000aea00000| Complete 
| 235|0x00000000aeb00000, 0x00000000aec00000, 0x00000000aec00000|100%| E|CS|TAMS 0x00000000aeb00000, 0x00000000aeb00000| Complete 
| 236|0x00000000aec00000, 0x00000000aed00000, 0x00000000aed00000|100%| E|CS|TAMS 0x00000000aec00000, 0x00000000aec00000| Complete 
| 237|0x00000000aed00000, 0x00000000aee00000, 0x00000000aee00000|100%| E|CS|TAMS 0x00000000aed00000, 0x00000000aed00000| Complete 
| 238|0x00000000aee00000, 0x00000000aef00000, 0x00000000aef00000|100%| E|CS|TAMS 0x00000000aee00000, 0x00000000aee00000| Complete 
| 239|0x00000000aef00000, 0x00000000af000000, 0x00000000af000000|100%| E|CS|TAMS 0x00000000aef00000, 0x00000000aef00000| Complete 
| 240|0x00000000af000000, 0x00000000af100000, 0x00000000af100000|100%| E|CS|TAMS 0x00000000af000000, 0x00000000af000000| Complete 
| 241|0x00000000af100000, 0x00000000af200000, 0x00000000af200000|100%| E|CS|TAMS 0x00000000af100000, 0x00000000af100000| Complete 
| 242|0x00000000af200000, 0x00000000af300000, 0x00000000af300000|100%| E|CS|TAMS 0x00000000af200000, 0x00000000af200000| Complete 
| 243|0x00000000af300000, 0x00000000af400000, 0x00000000af400000|100%| E|CS|TAMS 0x00000000af300000, 0x00000000af300000| Complete 
| 244|0x00000000af400000, 0x00000000af500000, 0x00000000af500000|100%| E|CS|TAMS 0x00000000af400000, 0x00000000af400000| Complete 
| 245|0x00000000af500000, 0x00000000af600000, 0x00000000af600000|100%| E|CS|TAMS 0x00000000af500000, 0x00000000af500000| Complete 
| 246|0x00000000af600000, 0x00000000af700000, 0x00000000af700000|100%| E|CS|TAMS 0x00000000af600000, 0x00000000af600000| Complete 
| 247|0x00000000af700000, 0x00000000af800000, 0x00000000af800000|100%| E|CS|TAMS 0x00000000af700000, 0x00000000af700000| Complete 
| 248|0x00000000af800000, 0x00000000af900000, 0x00000000af900000|100%| E|CS|TAMS 0x00000000af800000, 0x00000000af800000| Complete 
| 249|0x00000000af900000, 0x00000000afa00000, 0x00000000afa00000|100%| E|CS|TAMS 0x00000000af900000, 0x00000000af900000| Complete 
| 250|0x00000000afa00000, 0x00000000afb00000, 0x00000000afb00000|100%| E|CS|TAMS 0x00000000afa00000, 0x00000000afa00000| Complete 
| 251|0x00000000afb00000, 0x00000000afc00000, 0x00000000afc00000|100%| E|CS|TAMS 0x00000000afb00000, 0x00000000afb00000| Complete 
| 252|0x00000000afc00000, 0x00000000afd00000, 0x00000000afd00000|100%| E|CS|TAMS 0x00000000afc00000, 0x00000000afc00000| Complete 
| 253|0x00000000afd00000, 0x00000000afe00000, 0x00000000afe00000|100%| E|CS|TAMS 0x00000000afd00000, 0x00000000afd00000| Complete 
| 254|0x00000000afe00000, 0x00000000aff00000, 0x00000000aff00000|100%| E|CS|TAMS 0x00000000afe00000, 0x00000000afe00000| Complete 
| 255|0x00000000aff00000, 0x00000000b0000000, 0x00000000b0000000|100%| E|CS|TAMS 0x00000000aff00000, 0x00000000aff00000| Complete 

Card table byte_map: [0x00000177f72b0000,0x00000177f75b0000] _byte_map_base: 0x00000177f6db0000

Marking Bits (Prev, Next): (CMBitMap*) 0x00000177f16e7e18, (CMBitMap*) 0x00000177f16e7e50
 Prev Bits: [0x00000177f78b0000, 0x00000177f90b0000)
 Next Bits: [0x00000177f90b0000, 0x00000177fa8b0000)

Polling page: 0x00000177f1580000

Metaspace:

Usage:
  Non-class:     72.14 MB capacity,    70.72 MB ( 98%) used,     1.18 MB (  2%) free+waste,   247.56 KB ( <1%) overhead. 
      Class:     11.53 MB capacity,    10.74 MB ( 93%) used,   692.09 KB (  6%) free+waste,   113.56 KB ( <1%) overhead. 
       Both:     83.67 MB capacity,    81.47 MB ( 97%) used,     1.85 MB (  2%) free+waste,   361.13 KB ( <1%) overhead. 

Virtual space:
  Non-class space:       74.00 MB reserved,      72.25 MB ( 98%) committed 
      Class space:        1.00 GB reserved,      11.63 MB (  1%) committed 
             Both:        1.07 GB reserved,      83.88 MB (  8%) committed 

Chunk freelists:
   Non-Class:  47.00 KB
       Class:  0 bytes
        Both:  47.00 KB

MaxMetaspaceSize: 17179869184.00 GB
CompressedClassSpaceSize: 1.00 GB
Initial GC threshold: 20.80 MB
Current GC threshold: 132.09 MB
CDS: off

CodeHeap 'non-profiled nmethods': size=120064Kb used=5935Kb max_used=5935Kb free=114128Kb
 bounds [0x0000017787ac0000, 0x0000017788090000, 0x000001778f000000]
CodeHeap 'profiled nmethods': size=120000Kb used=20572Kb max_used=20572Kb free=99427Kb
 bounds [0x0000017780590000, 0x00000177819b0000, 0x0000017787ac0000]
CodeHeap 'non-nmethods': size=5696Kb used=2371Kb max_used=2435Kb free=3324Kb
 bounds [0x0000017780000000, 0x0000017780270000, 0x0000017780590000]
 total_blobs=10651 nmethods=9764 adapters=799
 compilation: enabled
              stopped_count=0, restarted_count=0
 full_count=0

Compilation events (20 events):
Event: 14.818 Thread 0x00000177fd7ef000 nmethod 9783 0x0000017788088690 code [0x0000017788088860, 0x0000017788088da8]
Event: 14.818 Thread 0x00000177fd7ef000 9785       4       org.gradle.internal.snapshot.DirectorySnapshot$$Lambda$385/0x000000010052e840::apply (8 bytes)
Event: 14.821 Thread 0x00000177fd7ef000 nmethod 9785 0x0000017788089210 code [0x00000177880893c0, 0x0000017788089678]
Event: 14.821 Thread 0x00000177fd7ef000 9786       4       java.security.MessageDigest$Delegate::engineDigest (8 bytes)
Event: 14.825 Thread 0x00000177fd7ef000 nmethod 9786 0x0000017788089790 code [0x0000017788089960, 0x0000017788089cd8]
Event: 14.825 Thread 0x00000177fd7ef000 9787   !   4       sun.security.provider.DigestBase::engineDigest (39 bytes)
Event: 14.826 Thread 0x00000177fd7f3800 9788       3       org.gradle.internal.classloader.ClassLoaderVisitor::<init> (21 bytes)
Event: 14.826 Thread 0x00000177fd7f3800 nmethod 9788 0x0000017781997390 code [0x0000017781997600, 0x00000177819980b8]
Event: 14.826 Thread 0x00000177fd7f3800 9789       3       org.gradle.internal.classloader.ClassLoaderVisitor::<init> (10 bytes)
Event: 14.827 Thread 0x00000177fd7f3800 nmethod 9789 0x0000017781998490 code [0x0000017781998640, 0x00000177819987f8]
Event: 14.827 Thread 0x00000177fd7f3800 9791  s!   3       sun.nio.ch.NativeThreadSet::signalAndWait (134 bytes)
Event: 14.827 Thread 0x00000177fd7f3800 nmethod 9791 0x0000017781998890 code [0x0000017781998aa0, 0x00000177819991b8]
Event: 14.829 Thread 0x00000177fd7ef000 nmethod 9787 0x000001778808a110 code [0x000001778808a2e0, 0x000001778808a678]
Event: 14.829 Thread 0x00000177fd7f3800 9792       3       java.util.RegularEnumSet$EnumSetIterator::<init> (23 bytes)
Event: 14.829 Thread 0x00000177fd7ef000 9790       4       org.gradle.internal.logging.slf4j.OutputEventListenerBackedLogger::isDebugEnabled (5 bytes)
Event: 14.830 Thread 0x00000177fd7f3800 nmethod 9792 0x0000017781999410 code [0x00000177819995c0, 0x0000017781999798]
Event: 14.830 Thread 0x00000177fd7ef000 nmethod 9790 0x000001778808aa90 code [0x000001778808ac40, 0x000001778808ad18]
Event: 14.838 Thread 0x00000177fd7ef000 9793       4       sun.nio.fs.WindowsFileAttributes::getFileNameFromFileIdFullDirInformation (62 bytes)
Event: 14.844 Thread 0x00000177fd7ef000 nmethod 9793 0x000001778808ae90 code [0x000001778808b060, 0x000001778808b718]
Event: 14.844 Thread 0x00000177fd7ef000 9794   !   4       java.nio.file.FileTreeWalker::visit (204 bytes)

GC Heap History (18 events):
Event: 0.441 GC heap before
{Heap before GC invocations=0 (full 0):
 garbage-first heap   total 262144K, used 16384K [0x00000000a0000000, 0x0000000100000000)
  region size 1024K, 14 young (14336K), 0 survivors (0K)
 Metaspace       used 6740K, capacity 6933K, committed 7168K, reserved 1056768K
  class space    used 583K, capacity 650K, committed 768K, reserved 1048576K
}
Event: 0.444 GC heap after
{Heap after GC invocations=1 (full 0):
 garbage-first heap   total 262144K, used 3442K [0x00000000a0000000, 0x0000000100000000)
  region size 1024K, 2 young (2048K), 2 survivors (2048K)
 Metaspace       used 6740K, capacity 6933K, committed 7168K, reserved 1056768K
  class space    used 583K, capacity 650K, committed 768K, reserved 1048576K
}
Event: 2.498 GC heap before
{Heap before GC invocations=1 (full 0):
 garbage-first heap   total 262144K, used 125298K [0x00000000a0000000, 0x0000000100000000)
  region size 1024K, 119 young (121856K), 2 survivors (2048K)
 Metaspace       used 20717K, capacity 21099K, committed 21248K, reserved 1067008K
  class space    used 2551K, capacity 2717K, committed 2816K, reserved 1048576K
}
Event: 2.508 GC heap after
{Heap after GC invocations=2 (full 0):
 garbage-first heap   total 262144K, used 17092K [0x00000000a0000000, 0x0000000100000000)
  region size 1024K, 13 young (13312K), 13 survivors (13312K)
 Metaspace       used 20717K, capacity 21099K, committed 21248K, reserved 1067008K
  class space    used 2551K, capacity 2717K, committed 2816K, reserved 1048576K
}
Event: 2.684 GC heap before
{Heap before GC invocations=3 (full 0):
 garbage-first heap   total 262144K, used 38596K [0x00000000a0000000, 0x0000000100000000)
  region size 1024K, 34 young (34816K), 13 survivors (13312K)
 Metaspace       used 22733K, capacity 23244K, committed 23424K, reserved 1069056K
  class space    used 2906K, capacity 3098K, committed 3200K, reserved 1048576K
}
Event: 2.692 GC heap after
{Heap after GC invocations=4 (full 0):
 garbage-first heap   total 262144K, used 17949K [0x00000000a0000000, 0x0000000100000000)
  region size 1024K, 2 young (2048K), 2 survivors (2048K)
 Metaspace       used 22733K, capacity 23244K, committed 23424K, reserved 1069056K
  class space    used 2906K, capacity 3098K, committed 3200K, reserved 1048576K
}
Event: 4.030 GC heap before
{Heap before GC invocations=4 (full 0):
 garbage-first heap   total 262144K, used 94749K [0x00000000a0000000, 0x0000000100000000)
  region size 1024K, 77 young (78848K), 2 survivors (2048K)
 Metaspace       used 30327K, capacity 31081K, committed 31360K, reserved 1077248K
  class space    used 4087K, capacity 4378K, committed 4480K, reserved 1048576K
}
Event: 4.033 GC heap after
{Heap after GC invocations=5 (full 0):
 garbage-first heap   total 262144K, used 20010K [0x00000000a0000000, 0x0000000100000000)
  region size 1024K, 4 young (4096K), 4 survivors (4096K)
 Metaspace       used 30327K, capacity 31081K, committed 31360K, reserved 1077248K
  class space    used 4087K, capacity 4378K, committed 4480K, reserved 1048576K
}
Event: 4.549 GC heap before
{Heap before GC invocations=5 (full 0):
 garbage-first heap   total 262144K, used 41514K [0x00000000a0000000, 0x0000000100000000)
  region size 1024K, 26 young (26624K), 4 survivors (4096K)
 Metaspace       used 34975K, capacity 35767K, committed 35840K, reserved 1081344K
  class space    used 4573K, capacity 4919K, committed 4992K, reserved 1048576K
}
Event: 4.556 GC heap after
{Heap after GC invocations=6 (full 0):
 garbage-first heap   total 262144K, used 21956K [0x00000000a0000000, 0x0000000100000000)
  region size 1024K, 6 young (6144K), 6 survivors (6144K)
 Metaspace       used 34975K, capacity 35767K, committed 35840K, reserved 1081344K
  class space    used 4573K, capacity 4919K, committed 4992K, reserved 1048576K
}
Event: 6.282 GC heap before
{Heap before GC invocations=7 (full 0):
 garbage-first heap   total 262144K, used 157124K [0x00000000a0000000, 0x0000000100000000)
  region size 1024K, 135 young (138240K), 6 survivors (6144K)
 Metaspace       used 47015K, capacity 48208K, committed 48384K, reserved 1091584K
  class space    used 6110K, capacity 6561K, committed 6656K, reserved 1048576K
}
Event: 6.299 GC heap after
{Heap after GC invocations=8 (full 0):
 garbage-first heap   total 262144K, used 29439K [0x00000000a0000000, 0x0000000100000000)
  region size 1024K, 13 young (13312K), 13 survivors (13312K)
 Metaspace       used 47015K, capacity 48208K, committed 48384K, reserved 1091584K
  class space    used 6110K, capacity 6561K, committed 6656K, reserved 1048576K
}
Event: 8.366 GC heap before
{Heap before GC invocations=9 (full 0):
 garbage-first heap   total 262144K, used 176895K [0x00000000a0000000, 0x0000000100000000)
  region size 1024K, 153 young (156672K), 13 survivors (13312K)
 Metaspace       used 59918K, capacity 61588K, committed 61824K, reserved 1103872K
  class space    used 7730K, capacity 8312K, committed 8320K, reserved 1048576K
}
Event: 8.389 GC heap after
{Heap after GC invocations=10 (full 0):
 garbage-first heap   total 262144K, used 45194K [0x00000000a0000000, 0x0000000100000000)
  region size 1024K, 20 young (20480K), 20 survivors (20480K)
 Metaspace       used 59918K, capacity 61588K, committed 61824K, reserved 1103872K
  class space    used 7730K, capacity 8312K, committed 8320K, reserved 1048576K
}
Event: 10.162 GC heap before
{Heap before GC invocations=10 (full 0):
 garbage-first heap   total 262144K, used 181386K [0x00000000a0000000, 0x0000000100000000)
  region size 1024K, 153 young (156672K), 20 survivors (20480K)
 Metaspace       used 68228K, capacity 69965K, committed 70144K, reserved 1110016K
  class space    used 8801K, capacity 9421K, committed 9472K, reserved 1048576K
}
Event: 10.189 GC heap after
{Heap after GC invocations=11 (full 0):
 garbage-first heap   total 262144K, used 55628K [0x00000000a0000000, 0x0000000100000000)
  region size 1024K, 11 young (11264K), 11 survivors (11264K)
 Metaspace       used 68228K, capacity 69965K, committed 70144K, reserved 1110016K
  class space    used 8801K, capacity 9421K, committed 9472K, reserved 1048576K
}
Event: 11.861 GC heap before
{Heap before GC invocations=11 (full 0):
 garbage-first heap   total 262144K, used 187724K [0x00000000a0000000, 0x0000000100000000)
  region size 1024K, 141 young (144384K), 11 survivors (11264K)
 Metaspace       used 78879K, capacity 80829K, committed 81024K, reserved 1120256K
  class space    used 10425K, capacity 11121K, committed 11136K, reserved 1048576K
}
Event: 11.886 GC heap after
{Heap after GC invocations=12 (full 0):
 garbage-first heap   total 262144K, used 63820K [0x00000000a0000000, 0x0000000100000000)
  region size 1024K, 19 young (19456K), 19 survivors (19456K)
 Metaspace       used 78879K, capacity 80829K, committed 81024K, reserved 1120256K
  class space    used 10425K, capacity 11121K, committed 11136K, reserved 1048576K
}

Deoptimization events (20 events):
Event: 14.443 Thread 0x0000017791acb000 DEOPT PACKING pc=0x0000017781567c44 sp=0x0000004d500fd030
Event: 14.443 Thread 0x0000017791acb000 DEOPT UNPACKING pc=0x000001778004a95e sp=0x0000004d500fc5d0 mode 0
Event: 14.452 Thread 0x0000017791acb000 Uncommon trap: trap_request=0xfffffff4 fr.pc=0x00000177880542f8 relative=0x00000000000000d8
Event: 14.452 Thread 0x0000017791acb000 Uncommon trap: reason=null_check action=make_not_entrant pc=0x00000177880542f8 method=org.gradle.tooling.internal.provider.runner.ClientBuildEventGenerator$Disabled.accept(Lorg/gradle/internal/operations/BuildOperationDescriptor;)Lorg/gradle/tooling/inter
Event: 14.452 Thread 0x0000017791acb000 DEOPT PACKING pc=0x00000177880542f8 sp=0x0000004d500fe400
Event: 14.452 Thread 0x0000017791acb000 DEOPT UNPACKING pc=0x000001778004a1af sp=0x0000004d500fe388 mode 2
Event: 14.587 Thread 0x0000017791acb000 Uncommon trap: trap_request=0xfffffff4 fr.pc=0x0000017788066d04 relative=0x0000000000000e04
Event: 14.587 Thread 0x0000017791acb000 Uncommon trap: reason=null_check action=make_not_entrant pc=0x0000017788066d04 method=org.gradle.tooling.internal.provider.runner.ClientBuildEventGenerator$Enabled.accept(Lorg/gradle/internal/operations/BuildOperationDescriptor;)Lorg/gradle/tooling/intern
Event: 14.587 Thread 0x0000017791acb000 DEOPT PACKING pc=0x0000017788066d04 sp=0x0000004d500fe440
Event: 14.587 Thread 0x0000017791acb000 DEOPT UNPACKING pc=0x000001778004a1af sp=0x0000004d500fe378 mode 2
Event: 14.717 Thread 0x0000017791acd800 Uncommon trap: trap_request=0xffffff4d fr.pc=0x0000017787ef8e70 relative=0x00000000000003b0
Event: 14.717 Thread 0x0000017791acd800 Uncommon trap: reason=unstable_if action=reinterpret pc=0x0000017787ef8e70 method=java.util.concurrent.ConcurrentHashMap.addCount(JI)V @ 97 c2
Event: 14.717 Thread 0x0000017791acd800 DEOPT PACKING pc=0x0000017787ef8e70 sp=0x0000004d503fc6d0
Event: 14.717 Thread 0x0000017791acd800 DEOPT UNPACKING pc=0x000001778004a1af sp=0x0000004d503fc588 mode 2
Event: 14.778 Thread 0x0000017791ac8800 Uncommon trap: trap_request=0xffffff4d fr.pc=0x0000017787dc4958 relative=0x00000000000002f8
Event: 14.778 Thread 0x0000017791ac8800 Uncommon trap: reason=unstable_if action=reinterpret pc=0x0000017787dc4958 method=java.util.concurrent.ConcurrentHashMap.addCount(JI)V @ 97 c2
Event: 14.778 Thread 0x0000017791ac8800 DEOPT PACKING pc=0x0000017787dc4958 sp=0x0000004d4f8fc490
Event: 14.778 Thread 0x0000017791ac8800 DEOPT UNPACKING pc=0x000001778004a1af sp=0x0000004d4f8fc3d0 mode 2
Event: 14.802 Thread 0x000001779098d000 DEOPT PACKING pc=0x0000017781801131 sp=0x0000004d509fb500
Event: 14.802 Thread 0x000001779098d000 DEOPT UNPACKING pc=0x000001778004a95e sp=0x0000004d509fa9c8 mode 0

Classes redefined (0 events):
No events

Internal exceptions (20 events):
Event: 12.668 Thread 0x0000017792179000 Exception <a 'java/lang/NoSuchMethodError'{0x00000000adeb8600}: <clinit>> (0x00000000adeb8600) thrown at [./src/hotspot/share/prims/jni.cpp, line 1365]
Event: 12.674 Thread 0x000001778f77e000 Exception <a 'java/lang/NoSuchMethodError'{0x00000000add02e10}: <clinit>> (0x00000000add02e10) thrown at [./src/hotspot/share/prims/jni.cpp, line 1365]
Event: 12.678 Thread 0x000001778f77e000 Exception <a 'java/lang/NoSuchMethodError'{0x00000000add0d3d8}: <clinit>> (0x00000000add0d3d8) thrown at [./src/hotspot/share/prims/jni.cpp, line 1365]
Event: 12.678 Thread 0x0000017792179000 Exception <a 'java/lang/NoSuchMethodError'{0x00000000adecd060}: <clinit>> (0x00000000adecd060) thrown at [./src/hotspot/share/prims/jni.cpp, line 1365]
Event: 12.680 Thread 0x000001778f77e000 Exception <a 'java/lang/NoSuchMethodError'{0x00000000add5a910}: <clinit>> (0x00000000add5a910) thrown at [./src/hotspot/share/prims/jni.cpp, line 1365]
Event: 12.683 Thread 0x000001778f77e000 Exception <a 'java/lang/NoSuchMethodError'{0x00000000add6b128}: <clinit>> (0x00000000add6b128) thrown at [./src/hotspot/share/prims/jni.cpp, line 1365]
Event: 12.683 Thread 0x000001778f77e000 Exception <a 'java/lang/NoSuchMethodError'{0x00000000add6c400}: <clinit>> (0x00000000add6c400) thrown at [./src/hotspot/share/prims/jni.cpp, line 1365]
Event: 12.693 Thread 0x0000017792179000 Exception <a 'java/lang/NoSuchMethodError'{0x00000000add406a0}: <clinit>> (0x00000000add406a0) thrown at [./src/hotspot/share/prims/jni.cpp, line 1365]
Event: 12.694 Thread 0x0000017792179000 Exception <a 'java/lang/NoSuchMethodError'{0x00000000add489d0}: 'void java.lang.invoke.DirectMethodHandle$Holder.invokeSpecial(java.lang.Object, java.lang.Object, java.lang.Object, int)'> (0x00000000add489d0) thrown at [./src/hotspot/share/interpreter/linkResolver.cpp, line 773]
Event: 12.706 Thread 0x0000017792177000 Exception <a 'java/lang/IncompatibleClassChangeError'{0x00000000adc1dfa8}: Found class java.lang.Object, but interface was expected> (0x00000000adc1dfa8) thrown at [./src/hotspot/share/interpreter/linkResolver.cpp, line 839]
Event: 12.738 Thread 0x000001778f77e000 Exception <a 'java/lang/NoSuchMethodError'{0x00000000adba48c0}: <clinit>> (0x00000000adba48c0) thrown at [./src/hotspot/share/prims/jni.cpp, line 1365]
Event: 12.832 Thread 0x0000017792177000 Exception <a 'java/lang/NoSuchMethodError'{0x00000000ada394f8}: 'int java.lang.invoke.DirectMethodHandle$Holder.invokeSpecial(java.lang.Object, java.lang.Object, java.lang.Object, java.lang.Object, java.lang.Object)'> (0x00000000ada394f8) thrown at [./src/hotspot/share/interpreter/linkResolver.cpp, line 773]
Event: 12.883 Thread 0x0000017792177000 Implicit null exception at 0x0000017787d6caf7 to 0x0000017787d6cc88
Event: 12.889 Thread 0x0000017792177000 Exception <a 'java/lang/IncompatibleClassChangeError'{0x00000000ad859608}: Found class java.lang.Object, but interface was expected> (0x00000000ad859608) thrown at [./src/hotspot/share/interpreter/linkResolver.cpp, line 839]
Event: 12.949 Thread 0x0000017792177000 Exception <a 'java/lang/NoSuchMethodError'{0x00000000ad506b60}: 'int java.lang.invoke.DirectMethodHandle$Holder.invokeStaticInit(java.lang.Object, java.lang.Object, java.lang.Object, java.lang.Object, java.lang.Object)'> (0x00000000ad506b60) thrown at [./src/hotspot/share/interpreter/linkResolver.cpp, line 773]
Event: 13.623 Thread 0x000001779217a800 Exception <a 'java/lang/NoSuchMethodError'{0x00000000ac753e20}: 'void java.lang.invoke.DirectMethodHandle$Holder.invokeStatic(java.lang.Object, java.lang.Object, java.lang.Object, java.lang.Object, int, java.lang.Object, java.lang.Object)'> (0x00000000ac753e20) thrown at [./src/hotspot/share/interpreter/linkResolver.cpp, line 773]
Event: 13.669 Thread 0x000001779217a800 Exception <a 'java/lang/NoSuchMethodError'{0x00000000ac1d36e8}: 'java.lang.Object java.lang.invoke.DirectMethodHandle$Holder.invokeSpecialIFC(java.lang.Object, java.lang.Object, java.lang.Object)'> (0x00000000ac1d36e8) thrown at [./src/hotspot/share/interpreter/linkResolver.cpp, line 773]
Event: 13.761 Thread 0x0000017792174000 Exception <a 'java/lang/NoSuchMethodError'{0x00000000abda19f8}: 'void java.lang.invoke.DirectMethodHandle$Holder.invokeVirtual(java.lang.Object, java.lang.Object)'> (0x00000000abda19f8) thrown at [./src/hotspot/share/interpreter/linkResolver.cpp, line 773]
Event: 14.452 Thread 0x0000017791acb000 Implicit null exception at 0x000001778805425b to 0x00000177880542ec
Event: 14.587 Thread 0x0000017791acb000 Implicit null exception at 0x00000177880664c4 to 0x0000017788066ce0

Events (20 events):
Event: 14.570 Executing VM operation: RevokeBias done
Event: 14.577 Loaded shared library C:\Program Files\Android\Android Studio\jre\bin\nio.dll
Event: 14.588 Executing VM operation: RevokeBias
Event: 14.589 Executing VM operation: RevokeBias done
Event: 14.595 Executing VM operation: RevokeBias
Event: 14.595 Executing VM operation: RevokeBias done
Event: 14.597 Executing VM operation: RevokeBias
Event: 14.597 Executing VM operation: RevokeBias done
Event: 14.602 Executing VM operation: BulkRevokeBias
Event: 14.604 Executing VM operation: BulkRevokeBias done
Event: 14.606 Executing VM operation: RevokeBias
Event: 14.607 Executing VM operation: RevokeBias done
Event: 14.653 Executing VM operation: RevokeBias
Event: 14.654 Executing VM operation: RevokeBias done
Event: 14.666 Executing VM operation: RevokeBias
Event: 14.666 Executing VM operation: RevokeBias done
Event: 14.678 Executing VM operation: RevokeBias
Event: 14.678 Executing VM operation: RevokeBias done
Event: 14.760 Executing VM operation: RevokeBias
Event: 14.760 Executing VM operation: RevokeBias done


Dynamic libraries:
0x00007ff7d25c0000 - 0x00007ff7d25ca000 	C:\Program Files\Android\Android Studio\jre\bin\java.exe
0x00007ff8a92d0000 - 0x00007ff8a94c8000 	C:\WINDOWS\SYSTEM32\ntdll.dll
0x00007ff88d200000 - 0x00007ff88d219000 	C:\Program Files\Avast Software\Avast\aswhook.dll
0x00007ff8a7ac0000 - 0x00007ff8a7b7f000 	C:\WINDOWS\System32\KERNEL32.DLL
0x00007ff8a6ed0000 - 0x00007ff8a71c6000 	C:\WINDOWS\System32\KERNELBASE.dll
0x00007ff8a6ac0000 - 0x00007ff8a6bc0000 	C:\WINDOWS\System32\ucrtbase.dll
0x00007ff8a0920000 - 0x00007ff8a0937000 	C:\Program Files\Android\Android Studio\jre\bin\VCRUNTIME140.dll
0x00007ff89f500000 - 0x00007ff89f519000 	C:\Program Files\Android\Android Studio\jre\bin\jli.dll
0x00007ff8a7640000 - 0x00007ff8a77dd000 	C:\WINDOWS\System32\USER32.dll
0x00007ff88ce30000 - 0x00007ff88d0ca000 	C:\WINDOWS\WinSxS\amd64_microsoft.windows.common-controls_6595b64144ccf1df_6.0.19041.1110_none_60b5254171f9507e\COMCTL32.dll
0x00007ff8a7330000 - 0x00007ff8a73ce000 	C:\WINDOWS\System32\msvcrt.dll
0x00007ff8a9250000 - 0x00007ff8a927c000 	C:\WINDOWS\System32\GDI32.dll
0x00007ff8a6ea0000 - 0x00007ff8a6ec2000 	C:\WINDOWS\System32\win32u.dll
0x00007ff8a6c30000 - 0x00007ff8a6d45000 	C:\WINDOWS\System32\gdi32full.dll
0x00007ff8a6e00000 - 0x00007ff8a6e9d000 	C:\WINDOWS\System32\msvcp_win.dll
0x00007ff8a7c70000 - 0x00007ff8a7ca0000 	C:\WINDOWS\System32\IMM32.DLL
0x00007ff870da0000 - 0x00007ff870e3d000 	C:\Program Files\Android\Android Studio\jre\bin\msvcp140.dll
0x00007ff832920000 - 0x00007ff833405000 	C:\Program Files\Android\Android Studio\jre\bin\server\jvm.dll
0x00007ff8a90f0000 - 0x00007ff8a919f000 	C:\WINDOWS\System32\ADVAPI32.dll
0x00007ff8a8180000 - 0x00007ff8a821c000 	C:\WINDOWS\System32\sechost.dll
0x00007ff8a8e70000 - 0x00007ff8a8f96000 	C:\WINDOWS\System32\RPCRT4.dll
0x00007ff8a8b00000 - 0x00007ff8a8b08000 	C:\WINDOWS\System32\PSAPI.DLL
0x00007ff894760000 - 0x00007ff894769000 	C:\WINDOWS\SYSTEM32\WSOCK32.dll
0x00007ff89f7e0000 - 0x00007ff89f7ea000 	C:\WINDOWS\SYSTEM32\VERSION.dll
0x00007ff8a8110000 - 0x00007ff8a817b000 	C:\WINDOWS\System32\WS2_32.dll
0x00007ff898200000 - 0x00007ff898227000 	C:\WINDOWS\SYSTEM32\WINMM.dll
0x00007ff8a47b0000 - 0x00007ff8a47c2000 	C:\WINDOWS\SYSTEM32\kernel.appcore.dll
0x00007ff8a0ca0000 - 0x00007ff8a0cb1000 	C:\Program Files\Android\Android Studio\jre\bin\verify.dll
0x00007ff89c700000 - 0x00007ff89c8e4000 	C:\WINDOWS\SYSTEM32\DBGHELP.DLL
0x00007ff89c6a0000 - 0x00007ff89c6d4000 	C:\WINDOWS\SYSTEM32\dbgcore.DLL
0x00007ff8a69e0000 - 0x00007ff8a6a62000 	C:\WINDOWS\System32\bcryptPrimitives.dll
0x00007ff8957b0000 - 0x00007ff8957d9000 	C:\Program Files\Android\Android Studio\jre\bin\java.dll
0x00007ff8a08d0000 - 0x00007ff8a08db000 	C:\Program Files\Android\Android Studio\jre\bin\jimage.dll
0x00007ff895600000 - 0x00007ff895618000 	C:\Program Files\Android\Android Studio\jre\bin\zip.dll
0x00007ff8a8300000 - 0x00007ff8a8a44000 	C:\WINDOWS\System32\SHELL32.dll
0x00007ff8a4a90000 - 0x00007ff8a5223000 	C:\WINDOWS\SYSTEM32\windows.storage.dll
0x00007ff8a8b10000 - 0x00007ff8a8e64000 	C:\WINDOWS\System32\combase.dll
0x00007ff8a6330000 - 0x00007ff8a635e000 	C:\WINDOWS\SYSTEM32\Wldp.dll
0x00007ff8a8a50000 - 0x00007ff8a8afd000 	C:\WINDOWS\System32\SHCORE.dll
0x00007ff8a73d0000 - 0x00007ff8a7425000 	C:\WINDOWS\System32\shlwapi.dll
0x00007ff8a68f0000 - 0x00007ff8a690f000 	C:\WINDOWS\SYSTEM32\profapi.dll
0x00007ff890560000 - 0x00007ff89057a000 	C:\Program Files\Android\Android Studio\jre\bin\net.dll
0x00007ff8a0250000 - 0x00007ff8a035a000 	C:\WINDOWS\SYSTEM32\WINHTTP.dll
0x00007ff8a6090000 - 0x00007ff8a60fa000 	C:\WINDOWS\system32\mswsock.dll
0x00007ff88e4c0000 - 0x00007ff88e4d4000 	C:\Program Files\Android\Android Studio\jre\bin\nio.dll
0x00007ff88d8b0000 - 0x00007ff88d8d7000 	C:\Users\welcome\AppData\Local\Android\Sdk\jdks\native\e1d6ef7f7dcc3fd88c89a11ec53ec762bb8ba0a96d01ffa2cd45eb1d1d8dd5c5\windows-amd64\native-platform.dll
0x00007ff870780000 - 0x00007ff8708c4000 	C:\Users\welcome\AppData\Local\Android\Sdk\jdks\native\0d407fdbe67a94daf76414ababcb853783967236a71b16ec16e742cd7a986fd3\windows-amd64\native-platform-file-events.dll
0x00007ff89ca60000 - 0x00007ff89ca6a000 	C:\Program Files\Android\Android Studio\jre\bin\management.dll
0x00007ff895e40000 - 0x00007ff895e4d000 	C:\Program Files\Android\Android Studio\jre\bin\management_ext.dll
0x00007ff8a6280000 - 0x00007ff8a6298000 	C:\WINDOWS\SYSTEM32\CRYPTSP.dll
0x00007ff8a59b0000 - 0x00007ff8a59e4000 	C:\WINDOWS\system32\rsaenh.dll
0x00007ff8a69b0000 - 0x00007ff8a69d7000 	C:\WINDOWS\System32\bcrypt.dll
0x00007ff8a68b0000 - 0x00007ff8a68de000 	C:\WINDOWS\SYSTEM32\USERENV.dll
0x00007ff8a62a0000 - 0x00007ff8a62ac000 	C:\WINDOWS\SYSTEM32\CRYPTBASE.dll
0x00007ff8a5d80000 - 0x00007ff8a5dbc000 	C:\WINDOWS\SYSTEM32\IPHLPAPI.DLL
0x00007ff8a9280000 - 0x00007ff8a9288000 	C:\WINDOWS\System32\NSI.dll
0x00007ff89ea10000 - 0x00007ff89ea27000 	C:\WINDOWS\SYSTEM32\dhcpcsvc6.DLL
0x00007ff89f600000 - 0x00007ff89f61d000 	C:\WINDOWS\SYSTEM32\dhcpcsvc.DLL
0x00007ff8a5dc0000 - 0x00007ff8a5e8b000 	C:\WINDOWS\SYSTEM32\DNSAPI.dll

dbghelp: loaded successfully - version: 4.0.5 - missing functions: none
symbol engine: initialized successfully - sym options: 0x614 - pdb path: .;C:\Program Files\Android\Android Studio\jre\bin;C:\WINDOWS\SYSTEM32;C:\Program Files\Avast Software\Avast;C:\WINDOWS\WinSxS\amd64_microsoft.windows.common-controls_6595b64144ccf1df_6.0.19041.1110_none_60b5254171f9507e;C:\Program Files\Android\Android Studio\jre\bin\server;C:\Users\welcome\AppData\Local\Android\Sdk\jdks\native\e1d6ef7f7dcc3fd88c89a11ec53ec762bb8ba0a96d01ffa2cd45eb1d1d8dd5c5\windows-amd64;C:\Users\welcome\AppData\Local\Android\Sdk\jdks\native\0d407fdbe67a94daf76414ababcb853783967236a71b16ec16e742cd7a986fd3\windows-amd64

VM Arguments:
jvm_args: --add-opens=java.base/java.util=ALL-UNNAMED --add-opens=java.base/java.lang=ALL-UNNAMED --add-opens=java.base/java.lang.invoke=ALL-UNNAMED --add-opens=java.base/java.util=ALL-UNNAMED --add-opens=java.prefs/java.util.prefs=ALL-UNNAMED --add-opens=java.prefs/java.util.prefs=ALL-UNNAMED --add-opens=java.base/java.nio.charset=ALL-UNNAMED --add-opens=java.base/java.net=ALL-UNNAMED --add-opens=java.base/java.util.concurrent.atomic=ALL-UNNAMED -Xmx1536m -Dfile.encoding=windows-1252 -Duser.country=IN -Duser.language=en -Duser.variant 
java_command: org.gradle.launcher.daemon.bootstrap.GradleDaemon 7.5
java_class_path (initial): C:\Users\welcome\AppData\Local\Android\Sdk\jdks\wrapper\dists\gradle-7.5-bin\f1w0cc9nuo0eivz97x2xlu9sv\gradle-7.5\lib\gradle-launcher-7.5.jar
Launcher Type: SUN_STANDARD

[Global flags]
     intx CICompilerCount                          = 3                                         {product} {ergonomic}
     uint ConcGCThreads                            = 1                                         {product} {ergonomic}
     uint G1ConcRefinementThreads                  = 4                                         {product} {ergonomic}
   size_t G1HeapRegionSize                         = 1048576                                   {product} {ergonomic}
    uintx GCDrainStackTargetSize                   = 64                                        {product} {ergonomic}
   size_t InitialHeapSize                          = 268435456                                 {product} {ergonomic}
   size_t MarkStackSize                            = 4194304                                   {product} {ergonomic}
   size_t MaxHeapSize                              = 1610612736                                {product} {command line}
   size_t MaxNewSize                               = 965738496                                 {product} {ergonomic}
   size_t MinHeapDeltaBytes                        = 1048576                                   {product} {ergonomic}
    uintx NonNMethodCodeHeapSize                   = 5830732                                {pd product} {ergonomic}
    uintx NonProfiledCodeHeapSize                  = 122913754                              {pd product} {ergonomic}
    uintx ProfiledCodeHeapSize                     = 122913754                              {pd product} {ergonomic}
    uintx ReservedCodeCacheSize                    = 251658240                              {pd product} {ergonomic}
     bool SegmentedCodeCache                       = true                                      {product} {ergonomic}
     bool UseCompressedClassPointers               = true                                 {lp64_product} {ergonomic}
     bool UseCompressedOops                        = true                                 {lp64_product} {ergonomic}
     bool UseG1GC                                  = true                                      {product} {ergonomic}
     bool UseLargePagesIndividualAllocation        = false                                  {pd product} {ergonomic}

Logging:
Log output configuration:
 #0: stdout all=warning uptime,level,tags
 #1: stderr all=off uptime,level,tags

Environment Variables:
PATH=C:\WINDOWS\system32;C:\WINDOWS;C:\WINDOWS\System32\Wbem;C:\WINDOWS\System32\WindowsPowerShell\v1.0\;C:\Program Files\Git\cmd;C:\WINDOWS\System32\OpenSSH\;C:\Program Files (x86)\GitExtensions\;D:\Nodejs\;C:\Users\welcome\AppData\Local\Microsoft\WindowsApps;C:\Users\welcome\AppData\Local\Programs\Microsoft VS Code\bin;C:\Users\welcome\AppData\Roaming\npm;C:\Users\welcome\AppData\Local\Programs\Python\Python310;
USERNAME=welcome
OS=Windows_NT
PROCESSOR_IDENTIFIER=Intel64 Family 6 Model 158 Stepping 9, GenuineIntel



---------------  S Y S T E M  ---------------

OS: Windows 10 , 64 bit Build 19041 (10.0.19041.2913)
OS uptime: 14 days 8:37 hours

CPU:total 4 (initial active 4) (4 cores per cpu, 1 threads per core) family 6 model 158 stepping 9 microcode 0xb4, cmov, cx8, fxsr, mmx, sse, sse2, sse3, ssse3, sse4.1, sse4.2, popcnt, avx, avx2, aes, clmul, erms, 3dnowpref, lzcnt, tsc, tscinvbit, bmi1, bmi2, adx, fma

Memory: 4k page, system-wide physical 16270M (795M free)
TotalPageFile size 18318M (AvailPageFile size 4M)
current process WorkingSet (physical memory assigned to process): 471M, peak: 474M
current process commit charge ("private bytes"): 535M, peak: 539M

vm_info: OpenJDK 64-Bit Server VM (11.0.12+7-b1504.28-7817840) for windows-amd64 JRE (11.0.12+7-b1504.28-7817840), built on Oct 13 2021 22:12:33 by "builder" with MS VC++ 14.0 (VS2015)

END.
